2023-02-08 00:25:59,613 - mmcls - INFO - Environment info:
------------------------------------------------------------
sys.platform: linux
Python: 3.8.16 (default, Jan 17 2023, 23:13:24) [GCC 11.2.0]
CUDA available: True
GPU 0: NVIDIA GeForce RTX 3090
CUDA_HOME: /data/apps/cuda/11.1
NVCC: Cuda compilation tools, release 11.1, V11.1.74
GCC: gcc (GCC) 7.3.0
PyTorch: 1.10.0+cu111
PyTorch compiling details: PyTorch built with:
  - GCC 7.3
  - C++ Version: 201402
  - Intel(R) Math Kernel Library Version 2020.0.0 Product Build 20191122 for Intel(R) 64 architecture applications
  - Intel(R) MKL-DNN v2.2.3 (Git Hash 7336ca9f055cf1bfa13efb658fe15dc9b41f0740)
  - OpenMP 201511 (a.k.a. OpenMP 4.5)
  - LAPACK is enabled (usually provided by MKL)
  - NNPACK is enabled
  - CPU capability usage: AVX2
  - CUDA Runtime 11.1
  - NVCC architecture flags: -gencode;arch=compute_37,code=sm_37;-gencode;arch=compute_50,code=sm_50;-gencode;arch=compute_60,code=sm_60;-gencode;arch=compute_70,code=sm_70;-gencode;arch=compute_75,code=sm_75;-gencode;arch=compute_80,code=sm_80;-gencode;arch=compute_86,code=sm_86
  - CuDNN 8.0.5
  - Magma 2.5.2
  - Build settings: BLAS_INFO=mkl, BUILD_TYPE=Release, CUDA_VERSION=11.1, CUDNN_VERSION=8.0.5, CXX_COMPILER=/opt/rh/devtoolset-7/root/usr/bin/c++, CXX_FLAGS= -Wno-deprecated -fvisibility-inlines-hidden -DUSE_PTHREADPOOL -fopenmp -DNDEBUG -DUSE_KINETO -DUSE_FBGEMM -DUSE_QNNPACK -DUSE_PYTORCH_QNNPACK -DUSE_XNNPACK -DSYMBOLICATE_MOBILE_DEBUG_HANDLE -DEDGE_PROFILER_USE_KINETO -O2 -fPIC -Wno-narrowing -Wall -Wextra -Werror=return-type -Wno-missing-field-initializers -Wno-type-limits -Wno-array-bounds -Wno-unknown-pragmas -Wno-sign-compare -Wno-unused-parameter -Wno-unused-variable -Wno-unused-function -Wno-unused-result -Wno-unused-local-typedefs -Wno-strict-overflow -Wno-strict-aliasing -Wno-error=deprecated-declarations -Wno-stringop-overflow -Wno-psabi -Wno-error=pedantic -Wno-error=redundant-decls -Wno-error=old-style-cast -fdiagnostics-color=always -faligned-new -Wno-unused-but-set-variable -Wno-maybe-uninitialized -fno-math-errno -fno-trapping-math -Werror=format -Wno-stringop-overflow, LAPACK_INFO=mkl, PERF_WITH_AVX=1, PERF_WITH_AVX2=1, PERF_WITH_AVX512=1, TORCH_VERSION=1.10.0, USE_CUDA=ON, USE_CUDNN=ON, USE_EXCEPTION_PTR=1, USE_GFLAGS=OFF, USE_GLOG=OFF, USE_MKL=ON, USE_MKLDNN=ON, USE_MPI=OFF, USE_NCCL=ON, USE_NNPACK=ON, USE_OPENMP=ON, 

TorchVision: 0.11.0+cu111
OpenCV: 4.7.0
MMCV: 1.7.0
MMCV Compiler: GCC 7.3
MMCV CUDA Compiler: 11.1
MMClassification: 0.25.0+3d4f80d
------------------------------------------------------------

2023-02-08 00:25:59,615 - mmcls - INFO - Distributed training: False
2023-02-08 00:25:59,701 - mmcls - INFO - Config:
model = dict(
    type='ImageClassifier',
    backbone=dict(
        type='ResNet_CIFAR',
        depth=50,
        num_stages=4,
        out_indices=(3, ),
        style='pytorch'),
    neck=dict(type='GlobalAveragePooling'),
    head=dict(
        type='LinearClsHead',
        num_classes=10,
        in_channels=2048,
        loss=dict(type='CrossEntropyLoss', loss_weight=1.0)))
dataset_type = 'CIFAR10'
img_norm_cfg = dict(
    mean=[125.307, 122.961, 113.8575],
    std=[51.5865, 50.847, 51.255],
    to_rgb=False)
train_pipeline = [
    dict(type='RandomCrop', size=32, padding=4),
    dict(type='RandomFlip', flip_prob=0.5, direction='horizontal'),
    dict(
        type='Normalize',
        mean=[125.307, 122.961, 113.8575],
        std=[51.5865, 50.847, 51.255],
        to_rgb=False),
    dict(type='ImageToTensor', keys=['img']),
    dict(type='ToTensor', keys=['gt_label']),
    dict(type='Collect', keys=['img', 'gt_label'])
]
test_pipeline = [
    dict(
        type='Normalize',
        mean=[125.307, 122.961, 113.8575],
        std=[51.5865, 50.847, 51.255],
        to_rgb=False),
    dict(type='ImageToTensor', keys=['img']),
    dict(type='Collect', keys=['img'])
]
data = dict(
    samples_per_gpu=16,
    workers_per_gpu=2,
    train=dict(
        type='CIFAR10',
        data_prefix='data/cifar10',
        pipeline=[
            dict(type='RandomCrop', size=32, padding=4),
            dict(type='RandomFlip', flip_prob=0.5, direction='horizontal'),
            dict(
                type='Normalize',
                mean=[125.307, 122.961, 113.8575],
                std=[51.5865, 50.847, 51.255],
                to_rgb=False),
            dict(type='ImageToTensor', keys=['img']),
            dict(type='ToTensor', keys=['gt_label']),
            dict(type='Collect', keys=['img', 'gt_label'])
        ]),
    val=dict(
        type='CIFAR10',
        data_prefix='data/cifar10',
        pipeline=[
            dict(
                type='Normalize',
                mean=[125.307, 122.961, 113.8575],
                std=[51.5865, 50.847, 51.255],
                to_rgb=False),
            dict(type='ImageToTensor', keys=['img']),
            dict(type='Collect', keys=['img'])
        ],
        test_mode=True),
    test=dict(
        type='CIFAR10',
        data_prefix='data/cifar10',
        pipeline=[
            dict(
                type='Normalize',
                mean=[125.307, 122.961, 113.8575],
                std=[51.5865, 50.847, 51.255],
                to_rgb=False),
            dict(type='ImageToTensor', keys=['img']),
            dict(type='Collect', keys=['img'])
        ],
        test_mode=True))
optimizer = dict(type='SGD', lr=0.001, momentum=0.9, weight_decay=0.0001)
optimizer_config = dict(grad_clip=None)
lr_config = dict(policy='step', step=[100, 150])
runner = dict(type='EpochBasedRunner', max_epochs=200)
checkpoint_config = dict(interval=10)
log_config = dict(interval=100, hooks=[dict(type='TextLoggerHook')])
dist_params = dict(backend='nccl')
log_level = 'INFO'
load_from = '/HOME/scz0bdm/run/mmclassification/checkpoints/resnet50_b16x8_cifar10_20210528-f54bfad9.pth'
resume_from = None
workflow = [('train', 1)]
work_dir = 'work'
gpu_ids = [0]

2023-02-08 00:25:59,704 - mmcls - INFO - Set random seed to 908466611, deterministic: False
2023-02-08 00:25:59,941 - mmcls - INFO - initialize ResNet_CIFAR with init_cfg [{'type': 'Kaiming', 'layer': ['Conv2d']}, {'type': 'Constant', 'val': 1, 'layer': ['_BatchNorm', 'GroupNorm']}]
2023-02-08 00:26:00,140 - mmcls - INFO - initialize LinearClsHead with init_cfg {'type': 'Normal', 'layer': 'Linear', 'std': 0.01}
Name of parameter - Initialization information

backbone.conv1.weight - torch.Size([64, 3, 3, 3]): 
KaimingInit: a=0, mode=fan_out, nonlinearity=relu, distribution =normal, bias=0 

backbone.bn1.weight - torch.Size([64]): 
The value is the same before and after calling `init_weights` of ImageClassifier  

backbone.bn1.bias - torch.Size([64]): 
The value is the same before and after calling `init_weights` of ImageClassifier  

backbone.layer1.0.conv1.weight - torch.Size([64, 64, 1, 1]): 
KaimingInit: a=0, mode=fan_out, nonlinearity=relu, distribution =normal, bias=0 

backbone.layer1.0.bn1.weight - torch.Size([64]): 
The value is the same before and after calling `init_weights` of ImageClassifier  

backbone.layer1.0.bn1.bias - torch.Size([64]): 
The value is the same before and after calling `init_weights` of ImageClassifier  

backbone.layer1.0.conv2.weight - torch.Size([64, 64, 3, 3]): 
KaimingInit: a=0, mode=fan_out, nonlinearity=relu, distribution =normal, bias=0 

backbone.layer1.0.bn2.weight - torch.Size([64]): 
The value is the same before and after calling `init_weights` of ImageClassifier  

backbone.layer1.0.bn2.bias - torch.Size([64]): 
The value is the same before and after calling `init_weights` of ImageClassifier  

backbone.layer1.0.conv3.weight - torch.Size([256, 64, 1, 1]): 
KaimingInit: a=0, mode=fan_out, nonlinearity=relu, distribution =normal, bias=0 

backbone.layer1.0.bn3.weight - torch.Size([256]): 
Initialized by user-defined `init_weights` in ResNet_CIFAR  

backbone.layer1.0.bn3.bias - torch.Size([256]): 
The value is the same before and after calling `init_weights` of ImageClassifier  

backbone.layer1.0.downsample.0.weight - torch.Size([256, 64, 1, 1]): 
KaimingInit: a=0, mode=fan_out, nonlinearity=relu, distribution =normal, bias=0 

backbone.layer1.0.downsample.1.weight - torch.Size([256]): 
The value is the same before and after calling `init_weights` of ImageClassifier  

backbone.layer1.0.downsample.1.bias - torch.Size([256]): 
The value is the same before and after calling `init_weights` of ImageClassifier  

backbone.layer1.1.conv1.weight - torch.Size([64, 256, 1, 1]): 
KaimingInit: a=0, mode=fan_out, nonlinearity=relu, distribution =normal, bias=0 

backbone.layer1.1.bn1.weight - torch.Size([64]): 
The value is the same before and after calling `init_weights` of ImageClassifier  

backbone.layer1.1.bn1.bias - torch.Size([64]): 
The value is the same before and after calling `init_weights` of ImageClassifier  

backbone.layer1.1.conv2.weight - torch.Size([64, 64, 3, 3]): 
KaimingInit: a=0, mode=fan_out, nonlinearity=relu, distribution =normal, bias=0 

backbone.layer1.1.bn2.weight - torch.Size([64]): 
The value is the same before and after calling `init_weights` of ImageClassifier  

backbone.layer1.1.bn2.bias - torch.Size([64]): 
The value is the same before and after calling `init_weights` of ImageClassifier  

backbone.layer1.1.conv3.weight - torch.Size([256, 64, 1, 1]): 
KaimingInit: a=0, mode=fan_out, nonlinearity=relu, distribution =normal, bias=0 

backbone.layer1.1.bn3.weight - torch.Size([256]): 
Initialized by user-defined `init_weights` in ResNet_CIFAR  

backbone.layer1.1.bn3.bias - torch.Size([256]): 
The value is the same before and after calling `init_weights` of ImageClassifier  

backbone.layer1.2.conv1.weight - torch.Size([64, 256, 1, 1]): 
KaimingInit: a=0, mode=fan_out, nonlinearity=relu, distribution =normal, bias=0 

backbone.layer1.2.bn1.weight - torch.Size([64]): 
The value is the same before and after calling `init_weights` of ImageClassifier  

backbone.layer1.2.bn1.bias - torch.Size([64]): 
The value is the same before and after calling `init_weights` of ImageClassifier  

backbone.layer1.2.conv2.weight - torch.Size([64, 64, 3, 3]): 
KaimingInit: a=0, mode=fan_out, nonlinearity=relu, distribution =normal, bias=0 

backbone.layer1.2.bn2.weight - torch.Size([64]): 
The value is the same before and after calling `init_weights` of ImageClassifier  

backbone.layer1.2.bn2.bias - torch.Size([64]): 
The value is the same before and after calling `init_weights` of ImageClassifier  

backbone.layer1.2.conv3.weight - torch.Size([256, 64, 1, 1]): 
KaimingInit: a=0, mode=fan_out, nonlinearity=relu, distribution =normal, bias=0 

backbone.layer1.2.bn3.weight - torch.Size([256]): 
Initialized by user-defined `init_weights` in ResNet_CIFAR  

backbone.layer1.2.bn3.bias - torch.Size([256]): 
The value is the same before and after calling `init_weights` of ImageClassifier  

backbone.layer2.0.conv1.weight - torch.Size([128, 256, 1, 1]): 
KaimingInit: a=0, mode=fan_out, nonlinearity=relu, distribution =normal, bias=0 

backbone.layer2.0.bn1.weight - torch.Size([128]): 
The value is the same before and after calling `init_weights` of ImageClassifier  

backbone.layer2.0.bn1.bias - torch.Size([128]): 
The value is the same before and after calling `init_weights` of ImageClassifier  

backbone.layer2.0.conv2.weight - torch.Size([128, 128, 3, 3]): 
KaimingInit: a=0, mode=fan_out, nonlinearity=relu, distribution =normal, bias=0 

backbone.layer2.0.bn2.weight - torch.Size([128]): 
The value is the same before and after calling `init_weights` of ImageClassifier  

backbone.layer2.0.bn2.bias - torch.Size([128]): 
The value is the same before and after calling `init_weights` of ImageClassifier  

backbone.layer2.0.conv3.weight - torch.Size([512, 128, 1, 1]): 
KaimingInit: a=0, mode=fan_out, nonlinearity=relu, distribution =normal, bias=0 

backbone.layer2.0.bn3.weight - torch.Size([512]): 
Initialized by user-defined `init_weights` in ResNet_CIFAR  

backbone.layer2.0.bn3.bias - torch.Size([512]): 
The value is the same before and after calling `init_weights` of ImageClassifier  

backbone.layer2.0.downsample.0.weight - torch.Size([512, 256, 1, 1]): 
KaimingInit: a=0, mode=fan_out, nonlinearity=relu, distribution =normal, bias=0 

backbone.layer2.0.downsample.1.weight - torch.Size([512]): 
The value is the same before and after calling `init_weights` of ImageClassifier  

backbone.layer2.0.downsample.1.bias - torch.Size([512]): 
The value is the same before and after calling `init_weights` of ImageClassifier  

backbone.layer2.1.conv1.weight - torch.Size([128, 512, 1, 1]): 
KaimingInit: a=0, mode=fan_out, nonlinearity=relu, distribution =normal, bias=0 

backbone.layer2.1.bn1.weight - torch.Size([128]): 
The value is the same before and after calling `init_weights` of ImageClassifier  

backbone.layer2.1.bn1.bias - torch.Size([128]): 
The value is the same before and after calling `init_weights` of ImageClassifier  

backbone.layer2.1.conv2.weight - torch.Size([128, 128, 3, 3]): 
KaimingInit: a=0, mode=fan_out, nonlinearity=relu, distribution =normal, bias=0 

backbone.layer2.1.bn2.weight - torch.Size([128]): 
The value is the same before and after calling `init_weights` of ImageClassifier  

backbone.layer2.1.bn2.bias - torch.Size([128]): 
The value is the same before and after calling `init_weights` of ImageClassifier  

backbone.layer2.1.conv3.weight - torch.Size([512, 128, 1, 1]): 
KaimingInit: a=0, mode=fan_out, nonlinearity=relu, distribution =normal, bias=0 

backbone.layer2.1.bn3.weight - torch.Size([512]): 
Initialized by user-defined `init_weights` in ResNet_CIFAR  

backbone.layer2.1.bn3.bias - torch.Size([512]): 
The value is the same before and after calling `init_weights` of ImageClassifier  

backbone.layer2.2.conv1.weight - torch.Size([128, 512, 1, 1]): 
KaimingInit: a=0, mode=fan_out, nonlinearity=relu, distribution =normal, bias=0 

backbone.layer2.2.bn1.weight - torch.Size([128]): 
The value is the same before and after calling `init_weights` of ImageClassifier  

backbone.layer2.2.bn1.bias - torch.Size([128]): 
The value is the same before and after calling `init_weights` of ImageClassifier  

backbone.layer2.2.conv2.weight - torch.Size([128, 128, 3, 3]): 
KaimingInit: a=0, mode=fan_out, nonlinearity=relu, distribution =normal, bias=0 

backbone.layer2.2.bn2.weight - torch.Size([128]): 
The value is the same before and after calling `init_weights` of ImageClassifier  

backbone.layer2.2.bn2.bias - torch.Size([128]): 
The value is the same before and after calling `init_weights` of ImageClassifier  

backbone.layer2.2.conv3.weight - torch.Size([512, 128, 1, 1]): 
KaimingInit: a=0, mode=fan_out, nonlinearity=relu, distribution =normal, bias=0 

backbone.layer2.2.bn3.weight - torch.Size([512]): 
Initialized by user-defined `init_weights` in ResNet_CIFAR  

backbone.layer2.2.bn3.bias - torch.Size([512]): 
The value is the same before and after calling `init_weights` of ImageClassifier  

backbone.layer2.3.conv1.weight - torch.Size([128, 512, 1, 1]): 
KaimingInit: a=0, mode=fan_out, nonlinearity=relu, distribution =normal, bias=0 

backbone.layer2.3.bn1.weight - torch.Size([128]): 
The value is the same before and after calling `init_weights` of ImageClassifier  

backbone.layer2.3.bn1.bias - torch.Size([128]): 
The value is the same before and after calling `init_weights` of ImageClassifier  

backbone.layer2.3.conv2.weight - torch.Size([128, 128, 3, 3]): 
KaimingInit: a=0, mode=fan_out, nonlinearity=relu, distribution =normal, bias=0 

backbone.layer2.3.bn2.weight - torch.Size([128]): 
The value is the same before and after calling `init_weights` of ImageClassifier  

backbone.layer2.3.bn2.bias - torch.Size([128]): 
The value is the same before and after calling `init_weights` of ImageClassifier  

backbone.layer2.3.conv3.weight - torch.Size([512, 128, 1, 1]): 
KaimingInit: a=0, mode=fan_out, nonlinearity=relu, distribution =normal, bias=0 

backbone.layer2.3.bn3.weight - torch.Size([512]): 
Initialized by user-defined `init_weights` in ResNet_CIFAR  

backbone.layer2.3.bn3.bias - torch.Size([512]): 
The value is the same before and after calling `init_weights` of ImageClassifier  

backbone.layer3.0.conv1.weight - torch.Size([256, 512, 1, 1]): 
KaimingInit: a=0, mode=fan_out, nonlinearity=relu, distribution =normal, bias=0 

backbone.layer3.0.bn1.weight - torch.Size([256]): 
The value is the same before and after calling `init_weights` of ImageClassifier  

backbone.layer3.0.bn1.bias - torch.Size([256]): 
The value is the same before and after calling `init_weights` of ImageClassifier  

backbone.layer3.0.conv2.weight - torch.Size([256, 256, 3, 3]): 
KaimingInit: a=0, mode=fan_out, nonlinearity=relu, distribution =normal, bias=0 

backbone.layer3.0.bn2.weight - torch.Size([256]): 
The value is the same before and after calling `init_weights` of ImageClassifier  

backbone.layer3.0.bn2.bias - torch.Size([256]): 
The value is the same before and after calling `init_weights` of ImageClassifier  

backbone.layer3.0.conv3.weight - torch.Size([1024, 256, 1, 1]): 
KaimingInit: a=0, mode=fan_out, nonlinearity=relu, distribution =normal, bias=0 

backbone.layer3.0.bn3.weight - torch.Size([1024]): 
Initialized by user-defined `init_weights` in ResNet_CIFAR  

backbone.layer3.0.bn3.bias - torch.Size([1024]): 
The value is the same before and after calling `init_weights` of ImageClassifier  

backbone.layer3.0.downsample.0.weight - torch.Size([1024, 512, 1, 1]): 
KaimingInit: a=0, mode=fan_out, nonlinearity=relu, distribution =normal, bias=0 

backbone.layer3.0.downsample.1.weight - torch.Size([1024]): 
The value is the same before and after calling `init_weights` of ImageClassifier  

backbone.layer3.0.downsample.1.bias - torch.Size([1024]): 
The value is the same before and after calling `init_weights` of ImageClassifier  

backbone.layer3.1.conv1.weight - torch.Size([256, 1024, 1, 1]): 
KaimingInit: a=0, mode=fan_out, nonlinearity=relu, distribution =normal, bias=0 

backbone.layer3.1.bn1.weight - torch.Size([256]): 
The value is the same before and after calling `init_weights` of ImageClassifier  

backbone.layer3.1.bn1.bias - torch.Size([256]): 
The value is the same before and after calling `init_weights` of ImageClassifier  

backbone.layer3.1.conv2.weight - torch.Size([256, 256, 3, 3]): 
KaimingInit: a=0, mode=fan_out, nonlinearity=relu, distribution =normal, bias=0 

backbone.layer3.1.bn2.weight - torch.Size([256]): 
The value is the same before and after calling `init_weights` of ImageClassifier  

backbone.layer3.1.bn2.bias - torch.Size([256]): 
The value is the same before and after calling `init_weights` of ImageClassifier  

backbone.layer3.1.conv3.weight - torch.Size([1024, 256, 1, 1]): 
KaimingInit: a=0, mode=fan_out, nonlinearity=relu, distribution =normal, bias=0 

backbone.layer3.1.bn3.weight - torch.Size([1024]): 
Initialized by user-defined `init_weights` in ResNet_CIFAR  

backbone.layer3.1.bn3.bias - torch.Size([1024]): 
The value is the same before and after calling `init_weights` of ImageClassifier  

backbone.layer3.2.conv1.weight - torch.Size([256, 1024, 1, 1]): 
KaimingInit: a=0, mode=fan_out, nonlinearity=relu, distribution =normal, bias=0 

backbone.layer3.2.bn1.weight - torch.Size([256]): 
The value is the same before and after calling `init_weights` of ImageClassifier  

backbone.layer3.2.bn1.bias - torch.Size([256]): 
The value is the same before and after calling `init_weights` of ImageClassifier  

backbone.layer3.2.conv2.weight - torch.Size([256, 256, 3, 3]): 
KaimingInit: a=0, mode=fan_out, nonlinearity=relu, distribution =normal, bias=0 

backbone.layer3.2.bn2.weight - torch.Size([256]): 
The value is the same before and after calling `init_weights` of ImageClassifier  

backbone.layer3.2.bn2.bias - torch.Size([256]): 
The value is the same before and after calling `init_weights` of ImageClassifier  

backbone.layer3.2.conv3.weight - torch.Size([1024, 256, 1, 1]): 
KaimingInit: a=0, mode=fan_out, nonlinearity=relu, distribution =normal, bias=0 

backbone.layer3.2.bn3.weight - torch.Size([1024]): 
Initialized by user-defined `init_weights` in ResNet_CIFAR  

backbone.layer3.2.bn3.bias - torch.Size([1024]): 
The value is the same before and after calling `init_weights` of ImageClassifier  

backbone.layer3.3.conv1.weight - torch.Size([256, 1024, 1, 1]): 
KaimingInit: a=0, mode=fan_out, nonlinearity=relu, distribution =normal, bias=0 

backbone.layer3.3.bn1.weight - torch.Size([256]): 
The value is the same before and after calling `init_weights` of ImageClassifier  

backbone.layer3.3.bn1.bias - torch.Size([256]): 
The value is the same before and after calling `init_weights` of ImageClassifier  

backbone.layer3.3.conv2.weight - torch.Size([256, 256, 3, 3]): 
KaimingInit: a=0, mode=fan_out, nonlinearity=relu, distribution =normal, bias=0 

backbone.layer3.3.bn2.weight - torch.Size([256]): 
The value is the same before and after calling `init_weights` of ImageClassifier  

backbone.layer3.3.bn2.bias - torch.Size([256]): 
The value is the same before and after calling `init_weights` of ImageClassifier  

backbone.layer3.3.conv3.weight - torch.Size([1024, 256, 1, 1]): 
KaimingInit: a=0, mode=fan_out, nonlinearity=relu, distribution =normal, bias=0 

backbone.layer3.3.bn3.weight - torch.Size([1024]): 
Initialized by user-defined `init_weights` in ResNet_CIFAR  

backbone.layer3.3.bn3.bias - torch.Size([1024]): 
The value is the same before and after calling `init_weights` of ImageClassifier  

backbone.layer3.4.conv1.weight - torch.Size([256, 1024, 1, 1]): 
KaimingInit: a=0, mode=fan_out, nonlinearity=relu, distribution =normal, bias=0 

backbone.layer3.4.bn1.weight - torch.Size([256]): 
The value is the same before and after calling `init_weights` of ImageClassifier  

backbone.layer3.4.bn1.bias - torch.Size([256]): 
The value is the same before and after calling `init_weights` of ImageClassifier  

backbone.layer3.4.conv2.weight - torch.Size([256, 256, 3, 3]): 
KaimingInit: a=0, mode=fan_out, nonlinearity=relu, distribution =normal, bias=0 

backbone.layer3.4.bn2.weight - torch.Size([256]): 
The value is the same before and after calling `init_weights` of ImageClassifier  

backbone.layer3.4.bn2.bias - torch.Size([256]): 
The value is the same before and after calling `init_weights` of ImageClassifier  

backbone.layer3.4.conv3.weight - torch.Size([1024, 256, 1, 1]): 
KaimingInit: a=0, mode=fan_out, nonlinearity=relu, distribution =normal, bias=0 

backbone.layer3.4.bn3.weight - torch.Size([1024]): 
Initialized by user-defined `init_weights` in ResNet_CIFAR  

backbone.layer3.4.bn3.bias - torch.Size([1024]): 
The value is the same before and after calling `init_weights` of ImageClassifier  

backbone.layer3.5.conv1.weight - torch.Size([256, 1024, 1, 1]): 
KaimingInit: a=0, mode=fan_out, nonlinearity=relu, distribution =normal, bias=0 

backbone.layer3.5.bn1.weight - torch.Size([256]): 
The value is the same before and after calling `init_weights` of ImageClassifier  

backbone.layer3.5.bn1.bias - torch.Size([256]): 
The value is the same before and after calling `init_weights` of ImageClassifier  

backbone.layer3.5.conv2.weight - torch.Size([256, 256, 3, 3]): 
KaimingInit: a=0, mode=fan_out, nonlinearity=relu, distribution =normal, bias=0 

backbone.layer3.5.bn2.weight - torch.Size([256]): 
The value is the same before and after calling `init_weights` of ImageClassifier  

backbone.layer3.5.bn2.bias - torch.Size([256]): 
The value is the same before and after calling `init_weights` of ImageClassifier  

backbone.layer3.5.conv3.weight - torch.Size([1024, 256, 1, 1]): 
KaimingInit: a=0, mode=fan_out, nonlinearity=relu, distribution =normal, bias=0 

backbone.layer3.5.bn3.weight - torch.Size([1024]): 
Initialized by user-defined `init_weights` in ResNet_CIFAR  

backbone.layer3.5.bn3.bias - torch.Size([1024]): 
The value is the same before and after calling `init_weights` of ImageClassifier  

backbone.layer4.0.conv1.weight - torch.Size([512, 1024, 1, 1]): 
KaimingInit: a=0, mode=fan_out, nonlinearity=relu, distribution =normal, bias=0 

backbone.layer4.0.bn1.weight - torch.Size([512]): 
The value is the same before and after calling `init_weights` of ImageClassifier  

backbone.layer4.0.bn1.bias - torch.Size([512]): 
The value is the same before and after calling `init_weights` of ImageClassifier  

backbone.layer4.0.conv2.weight - torch.Size([512, 512, 3, 3]): 
KaimingInit: a=0, mode=fan_out, nonlinearity=relu, distribution =normal, bias=0 

backbone.layer4.0.bn2.weight - torch.Size([512]): 
The value is the same before and after calling `init_weights` of ImageClassifier  

backbone.layer4.0.bn2.bias - torch.Size([512]): 
The value is the same before and after calling `init_weights` of ImageClassifier  

backbone.layer4.0.conv3.weight - torch.Size([2048, 512, 1, 1]): 
KaimingInit: a=0, mode=fan_out, nonlinearity=relu, distribution =normal, bias=0 

backbone.layer4.0.bn3.weight - torch.Size([2048]): 
Initialized by user-defined `init_weights` in ResNet_CIFAR  

backbone.layer4.0.bn3.bias - torch.Size([2048]): 
The value is the same before and after calling `init_weights` of ImageClassifier  

backbone.layer4.0.downsample.0.weight - torch.Size([2048, 1024, 1, 1]): 
KaimingInit: a=0, mode=fan_out, nonlinearity=relu, distribution =normal, bias=0 

backbone.layer4.0.downsample.1.weight - torch.Size([2048]): 
The value is the same before and after calling `init_weights` of ImageClassifier  

backbone.layer4.0.downsample.1.bias - torch.Size([2048]): 
The value is the same before and after calling `init_weights` of ImageClassifier  

backbone.layer4.1.conv1.weight - torch.Size([512, 2048, 1, 1]): 
KaimingInit: a=0, mode=fan_out, nonlinearity=relu, distribution =normal, bias=0 

backbone.layer4.1.bn1.weight - torch.Size([512]): 
The value is the same before and after calling `init_weights` of ImageClassifier  

backbone.layer4.1.bn1.bias - torch.Size([512]): 
The value is the same before and after calling `init_weights` of ImageClassifier  

backbone.layer4.1.conv2.weight - torch.Size([512, 512, 3, 3]): 
KaimingInit: a=0, mode=fan_out, nonlinearity=relu, distribution =normal, bias=0 

backbone.layer4.1.bn2.weight - torch.Size([512]): 
The value is the same before and after calling `init_weights` of ImageClassifier  

backbone.layer4.1.bn2.bias - torch.Size([512]): 
The value is the same before and after calling `init_weights` of ImageClassifier  

backbone.layer4.1.conv3.weight - torch.Size([2048, 512, 1, 1]): 
KaimingInit: a=0, mode=fan_out, nonlinearity=relu, distribution =normal, bias=0 

backbone.layer4.1.bn3.weight - torch.Size([2048]): 
Initialized by user-defined `init_weights` in ResNet_CIFAR  

backbone.layer4.1.bn3.bias - torch.Size([2048]): 
The value is the same before and after calling `init_weights` of ImageClassifier  

backbone.layer4.2.conv1.weight - torch.Size([512, 2048, 1, 1]): 
KaimingInit: a=0, mode=fan_out, nonlinearity=relu, distribution =normal, bias=0 

backbone.layer4.2.bn1.weight - torch.Size([512]): 
The value is the same before and after calling `init_weights` of ImageClassifier  

backbone.layer4.2.bn1.bias - torch.Size([512]): 
The value is the same before and after calling `init_weights` of ImageClassifier  

backbone.layer4.2.conv2.weight - torch.Size([512, 512, 3, 3]): 
KaimingInit: a=0, mode=fan_out, nonlinearity=relu, distribution =normal, bias=0 

backbone.layer4.2.bn2.weight - torch.Size([512]): 
The value is the same before and after calling `init_weights` of ImageClassifier  

backbone.layer4.2.bn2.bias - torch.Size([512]): 
The value is the same before and after calling `init_weights` of ImageClassifier  

backbone.layer4.2.conv3.weight - torch.Size([2048, 512, 1, 1]): 
KaimingInit: a=0, mode=fan_out, nonlinearity=relu, distribution =normal, bias=0 

backbone.layer4.2.bn3.weight - torch.Size([2048]): 
Initialized by user-defined `init_weights` in ResNet_CIFAR  

backbone.layer4.2.bn3.bias - torch.Size([2048]): 
The value is the same before and after calling `init_weights` of ImageClassifier  

head.fc.weight - torch.Size([10, 2048]): 
NormalInit: mean=0, std=0.01, bias=0 

head.fc.bias - torch.Size([10]): 
NormalInit: mean=0, std=0.01, bias=0 
2023-02-08 00:26:19,808 - mmcls - INFO - load checkpoint from local path: /HOME/scz0bdm/run/mmclassification/checkpoints/resnet50_b16x8_cifar10_20210528-f54bfad9.pth
2023-02-08 00:26:21,004 - mmcls - INFO - Start running, host: scz0bdm@g0023, work_dir: /data/run01/scz0bdm/mmclassification/work
2023-02-08 00:26:21,006 - mmcls - INFO - Hooks will be executed in the following order:
before_run:
(VERY_HIGH   ) StepLrUpdaterHook                  
(NORMAL      ) CheckpointHook                     
(LOW         ) EvalHook                           
(VERY_LOW    ) TextLoggerHook                     
 -------------------- 
before_train_epoch:
(VERY_HIGH   ) StepLrUpdaterHook                  
(LOW         ) IterTimerHook                      
(LOW         ) EvalHook                           
(VERY_LOW    ) TextLoggerHook                     
 -------------------- 
before_train_iter:
(VERY_HIGH   ) StepLrUpdaterHook                  
(LOW         ) IterTimerHook                      
(LOW         ) EvalHook                           
 -------------------- 
after_train_iter:
(ABOVE_NORMAL) OptimizerHook                      
(NORMAL      ) CheckpointHook                     
(LOW         ) IterTimerHook                      
(LOW         ) EvalHook                           
(VERY_LOW    ) TextLoggerHook                     
 -------------------- 
after_train_epoch:
(NORMAL      ) CheckpointHook                     
(LOW         ) EvalHook                           
(VERY_LOW    ) TextLoggerHook                     
 -------------------- 
before_val_epoch:
(LOW         ) IterTimerHook                      
(VERY_LOW    ) TextLoggerHook                     
 -------------------- 
before_val_iter:
(LOW         ) IterTimerHook                      
 -------------------- 
after_val_iter:
(LOW         ) IterTimerHook                      
 -------------------- 
after_val_epoch:
(VERY_LOW    ) TextLoggerHook                     
 -------------------- 
after_run:
(VERY_LOW    ) TextLoggerHook                     
 -------------------- 
2023-02-08 00:26:21,006 - mmcls - INFO - workflow: [('train', 1)], max: 200 epochs
2023-02-08 00:26:21,006 - mmcls - INFO - Checkpoints will be saved to /data/run01/scz0bdm/mmclassification/work by HardDiskBackend.
2023-02-08 00:26:28,748 - mmcls - INFO - Epoch [1][100/3125]	lr: 1.000e-03, eta: 13:25:51, time: 0.077, data_time: 0.026, memory: 701, loss: 0.0015
2023-02-08 00:26:31,833 - mmcls - INFO - Epoch [1][200/3125]	lr: 1.000e-03, eta: 9:23:29, time: 0.031, data_time: 0.000, memory: 701, loss: 0.0010
2023-02-08 00:26:34,905 - mmcls - INFO - Epoch [1][300/3125]	lr: 1.000e-03, eta: 8:02:13, time: 0.031, data_time: 0.000, memory: 701, loss: 0.0011
2023-02-08 00:26:37,976 - mmcls - INFO - Epoch [1][400/3125]	lr: 1.000e-03, eta: 7:21:30, time: 0.031, data_time: 0.000, memory: 701, loss: 0.0008
2023-02-08 00:26:41,048 - mmcls - INFO - Epoch [1][500/3125]	lr: 1.000e-03, eta: 6:57:05, time: 0.031, data_time: 0.000, memory: 701, loss: 0.0014
2023-02-08 00:26:44,136 - mmcls - INFO - Epoch [1][600/3125]	lr: 1.000e-03, eta: 6:41:04, time: 0.031, data_time: 0.000, memory: 701, loss: 0.0011
2023-02-08 00:26:47,216 - mmcls - INFO - Epoch [1][700/3125]	lr: 1.000e-03, eta: 6:29:30, time: 0.031, data_time: 0.000, memory: 701, loss: 0.0030
2023-02-08 00:26:50,300 - mmcls - INFO - Epoch [1][800/3125]	lr: 1.000e-03, eta: 6:20:51, time: 0.031, data_time: 0.000, memory: 701, loss: 0.0007
2023-02-08 00:26:53,377 - mmcls - INFO - Epoch [1][900/3125]	lr: 1.000e-03, eta: 6:14:02, time: 0.031, data_time: 0.000, memory: 701, loss: 0.0023
2023-02-08 00:26:56,467 - mmcls - INFO - Epoch [1][1000/3125]	lr: 1.000e-03, eta: 6:08:43, time: 0.031, data_time: 0.000, memory: 701, loss: 0.0010
2023-02-08 00:26:59,549 - mmcls - INFO - Epoch [1][1100/3125]	lr: 1.000e-03, eta: 6:04:16, time: 0.031, data_time: 0.000, memory: 701, loss: 0.0016
2023-02-08 00:27:02,595 - mmcls - INFO - Epoch [1][1200/3125]	lr: 1.000e-03, eta: 6:00:15, time: 0.030, data_time: 0.000, memory: 701, loss: 0.0008
2023-02-08 00:27:05,635 - mmcls - INFO - Epoch [1][1300/3125]	lr: 1.000e-03, eta: 5:56:47, time: 0.030, data_time: 0.000, memory: 701, loss: 0.0025
2023-02-08 00:27:08,683 - mmcls - INFO - Epoch [1][1400/3125]	lr: 1.000e-03, eta: 5:53:53, time: 0.030, data_time: 0.000, memory: 701, loss: 0.0018
2023-02-08 00:27:11,733 - mmcls - INFO - Epoch [1][1500/3125]	lr: 1.000e-03, eta: 5:51:22, time: 0.030, data_time: 0.000, memory: 701, loss: 0.0015
2023-02-08 00:27:14,787 - mmcls - INFO - Epoch [1][1600/3125]	lr: 1.000e-03, eta: 5:49:10, time: 0.031, data_time: 0.000, memory: 701, loss: 0.0018
2023-02-08 00:27:17,843 - mmcls - INFO - Epoch [1][1700/3125]	lr: 1.000e-03, eta: 5:47:15, time: 0.031, data_time: 0.000, memory: 701, loss: 0.0015
2023-02-08 00:27:20,915 - mmcls - INFO - Epoch [1][1800/3125]	lr: 1.000e-03, eta: 5:45:38, time: 0.031, data_time: 0.000, memory: 701, loss: 0.0014
2023-02-08 00:27:23,986 - mmcls - INFO - Epoch [1][1900/3125]	lr: 1.000e-03, eta: 5:44:10, time: 0.031, data_time: 0.000, memory: 701, loss: 0.0014
2023-02-08 00:27:27,059 - mmcls - INFO - Epoch [1][2000/3125]	lr: 1.000e-03, eta: 5:42:52, time: 0.031, data_time: 0.000, memory: 701, loss: 0.0032
2023-02-08 00:27:30,127 - mmcls - INFO - Epoch [1][2100/3125]	lr: 1.000e-03, eta: 5:41:39, time: 0.031, data_time: 0.000, memory: 701, loss: 0.0015
2023-02-08 00:27:33,170 - mmcls - INFO - Epoch [1][2200/3125]	lr: 1.000e-03, eta: 5:40:26, time: 0.030, data_time: 0.000, memory: 701, loss: 0.0016
2023-02-08 00:27:36,211 - mmcls - INFO - Epoch [1][2300/3125]	lr: 1.000e-03, eta: 5:39:18, time: 0.030, data_time: 0.000, memory: 701, loss: 0.0010
2023-02-08 00:27:39,260 - mmcls - INFO - Epoch [1][2400/3125]	lr: 1.000e-03, eta: 5:38:17, time: 0.030, data_time: 0.000, memory: 701, loss: 0.0008
2023-02-08 00:27:42,307 - mmcls - INFO - Epoch [1][2500/3125]	lr: 1.000e-03, eta: 5:37:21, time: 0.030, data_time: 0.000, memory: 701, loss: 0.0014
2023-02-08 00:27:45,365 - mmcls - INFO - Epoch [1][2600/3125]	lr: 1.000e-03, eta: 5:36:31, time: 0.031, data_time: 0.000, memory: 701, loss: 0.0008
2023-02-08 00:27:48,421 - mmcls - INFO - Epoch [1][2700/3125]	lr: 1.000e-03, eta: 5:35:44, time: 0.031, data_time: 0.000, memory: 701, loss: 0.0016
2023-02-08 00:27:51,482 - mmcls - INFO - Epoch [1][2800/3125]	lr: 1.000e-03, eta: 5:35:02, time: 0.031, data_time: 0.000, memory: 701, loss: 0.0023
2023-02-08 00:27:54,558 - mmcls - INFO - Epoch [1][2900/3125]	lr: 1.000e-03, eta: 5:34:25, time: 0.031, data_time: 0.000, memory: 701, loss: 0.0023
2023-02-08 00:27:57,638 - mmcls - INFO - Epoch [1][3000/3125]	lr: 1.000e-03, eta: 5:33:52, time: 0.031, data_time: 0.000, memory: 701, loss: 0.0011
2023-02-08 00:28:00,705 - mmcls - INFO - Epoch [1][3100/3125]	lr: 1.000e-03, eta: 5:33:18, time: 0.031, data_time: 0.000, memory: 701, loss: 0.0032
2023-02-08 00:28:07,655 - mmcls - INFO - Epoch(val) [1][625]	accuracy_top-1: 95.3400, accuracy_top-5: 99.9400
2023-02-08 00:28:12,685 - mmcls - INFO - Epoch [2][100/3125]	lr: 1.000e-03, eta: 5:36:28, time: 0.050, data_time: 0.020, memory: 701, loss: 0.0011
2023-02-08 00:28:15,703 - mmcls - INFO - Epoch [2][200/3125]	lr: 1.000e-03, eta: 5:35:42, time: 0.030, data_time: 0.000, memory: 701, loss: 0.0012
2023-02-08 00:28:18,714 - mmcls - INFO - Epoch [2][300/3125]	lr: 1.000e-03, eta: 5:34:57, time: 0.030, data_time: 0.000, memory: 701, loss: 0.0029
2023-02-08 00:28:21,745 - mmcls - INFO - Epoch [2][400/3125]	lr: 1.000e-03, eta: 5:34:18, time: 0.030, data_time: 0.000, memory: 701, loss: 0.0021
2023-02-08 00:28:24,814 - mmcls - INFO - Epoch [2][500/3125]	lr: 1.000e-03, eta: 5:33:48, time: 0.031, data_time: 0.000, memory: 701, loss: 0.0023
2023-02-08 00:28:27,887 - mmcls - INFO - Epoch [2][600/3125]	lr: 1.000e-03, eta: 5:33:19, time: 0.031, data_time: 0.000, memory: 701, loss: 0.0024
2023-02-08 00:28:30,960 - mmcls - INFO - Epoch [2][700/3125]	lr: 1.000e-03, eta: 5:32:52, time: 0.031, data_time: 0.000, memory: 701, loss: 0.0021
2023-02-08 00:28:34,032 - mmcls - INFO - Epoch [2][800/3125]	lr: 1.000e-03, eta: 5:32:26, time: 0.031, data_time: 0.000, memory: 701, loss: 0.0033
2023-02-08 00:28:37,123 - mmcls - INFO - Epoch [2][900/3125]	lr: 1.000e-03, eta: 5:32:05, time: 0.031, data_time: 0.000, memory: 701, loss: 0.0014
2023-02-08 00:28:40,194 - mmcls - INFO - Epoch [2][1000/3125]	lr: 1.000e-03, eta: 5:31:41, time: 0.031, data_time: 0.000, memory: 701, loss: 0.0020
2023-02-08 00:28:43,273 - mmcls - INFO - Epoch [2][1100/3125]	lr: 1.000e-03, eta: 5:31:19, time: 0.031, data_time: 0.000, memory: 701, loss: 0.0014
2023-02-08 00:28:46,347 - mmcls - INFO - Epoch [2][1200/3125]	lr: 1.000e-03, eta: 5:30:57, time: 0.031, data_time: 0.000, memory: 701, loss: 0.0020
2023-02-08 00:28:49,438 - mmcls - INFO - Epoch [2][1300/3125]	lr: 1.000e-03, eta: 5:30:39, time: 0.031, data_time: 0.000, memory: 701, loss: 0.0015
2023-02-08 00:28:52,528 - mmcls - INFO - Epoch [2][1400/3125]	lr: 1.000e-03, eta: 5:30:21, time: 0.031, data_time: 0.000, memory: 701, loss: 0.0015
2023-02-08 00:28:55,591 - mmcls - INFO - Epoch [2][1500/3125]	lr: 1.000e-03, eta: 5:30:00, time: 0.031, data_time: 0.000, memory: 701, loss: 0.0014
2023-02-08 00:28:58,622 - mmcls - INFO - Epoch [2][1600/3125]	lr: 1.000e-03, eta: 5:29:36, time: 0.030, data_time: 0.000, memory: 701, loss: 0.0012
2023-02-08 00:29:01,638 - mmcls - INFO - Epoch [2][1700/3125]	lr: 1.000e-03, eta: 5:29:10, time: 0.030, data_time: 0.000, memory: 701, loss: 0.0016
2023-02-08 00:29:04,673 - mmcls - INFO - Epoch [2][1800/3125]	lr: 1.000e-03, eta: 5:28:48, time: 0.030, data_time: 0.000, memory: 701, loss: 0.0014
2023-02-08 00:29:07,743 - mmcls - INFO - Epoch [2][1900/3125]	lr: 1.000e-03, eta: 5:28:31, time: 0.031, data_time: 0.000, memory: 701, loss: 0.0014
2023-02-08 00:29:10,811 - mmcls - INFO - Epoch [2][2000/3125]	lr: 1.000e-03, eta: 5:28:15, time: 0.031, data_time: 0.000, memory: 701, loss: 0.0013
2023-02-08 00:29:13,878 - mmcls - INFO - Epoch [2][2100/3125]	lr: 1.000e-03, eta: 5:27:58, time: 0.031, data_time: 0.000, memory: 701, loss: 0.0016
2023-02-08 00:29:16,947 - mmcls - INFO - Epoch [2][2200/3125]	lr: 1.000e-03, eta: 5:27:43, time: 0.031, data_time: 0.000, memory: 701, loss: 0.0022
2023-02-08 00:29:20,016 - mmcls - INFO - Epoch [2][2300/3125]	lr: 1.000e-03, eta: 5:27:28, time: 0.031, data_time: 0.000, memory: 701, loss: 0.0013
2023-02-08 00:29:23,089 - mmcls - INFO - Epoch [2][2400/3125]	lr: 1.000e-03, eta: 5:27:13, time: 0.031, data_time: 0.000, memory: 701, loss: 0.0008
2023-02-08 00:29:26,159 - mmcls - INFO - Epoch [2][2500/3125]	lr: 1.000e-03, eta: 5:26:59, time: 0.031, data_time: 0.000, memory: 701, loss: 0.0019
2023-02-08 00:29:29,228 - mmcls - INFO - Epoch [2][2600/3125]	lr: 1.000e-03, eta: 5:26:45, time: 0.031, data_time: 0.000, memory: 701, loss: 0.0023
2023-02-08 00:29:32,294 - mmcls - INFO - Epoch [2][2700/3125]	lr: 1.000e-03, eta: 5:26:32, time: 0.031, data_time: 0.000, memory: 701, loss: 0.0012
2023-02-08 00:29:35,361 - mmcls - INFO - Epoch [2][2800/3125]	lr: 1.000e-03, eta: 5:26:18, time: 0.031, data_time: 0.000, memory: 701, loss: 0.0023
2023-02-08 00:29:38,448 - mmcls - INFO - Epoch [2][2900/3125]	lr: 1.000e-03, eta: 5:26:07, time: 0.031, data_time: 0.000, memory: 701, loss: 0.0039
2023-02-08 00:29:41,521 - mmcls - INFO - Epoch [2][3000/3125]	lr: 1.000e-03, eta: 5:25:55, time: 0.031, data_time: 0.000, memory: 701, loss: 0.0022
2023-02-08 00:29:44,590 - mmcls - INFO - Epoch [2][3100/3125]	lr: 1.000e-03, eta: 5:25:43, time: 0.031, data_time: 0.000, memory: 701, loss: 0.0017
2023-02-08 00:29:51,125 - mmcls - INFO - Epoch(val) [2][625]	accuracy_top-1: 95.5800, accuracy_top-5: 99.8700
2023-02-08 00:29:56,232 - mmcls - INFO - Epoch [3][100/3125]	lr: 1.000e-03, eta: 5:27:32, time: 0.051, data_time: 0.020, memory: 701, loss: 0.0024
2023-02-08 00:29:59,326 - mmcls - INFO - Epoch [3][200/3125]	lr: 1.000e-03, eta: 5:27:21, time: 0.031, data_time: 0.000, memory: 701, loss: 0.0014
2023-02-08 00:30:02,409 - mmcls - INFO - Epoch [3][300/3125]	lr: 1.000e-03, eta: 5:27:09, time: 0.031, data_time: 0.000, memory: 701, loss: 0.0014
2023-02-08 00:30:05,491 - mmcls - INFO - Epoch [3][400/3125]	lr: 1.000e-03, eta: 5:26:57, time: 0.031, data_time: 0.000, memory: 701, loss: 0.0014
2023-02-08 00:30:08,584 - mmcls - INFO - Epoch [3][500/3125]	lr: 1.000e-03, eta: 5:26:46, time: 0.031, data_time: 0.000, memory: 701, loss: 0.0023
2023-02-08 00:30:11,679 - mmcls - INFO - Epoch [3][600/3125]	lr: 1.000e-03, eta: 5:26:36, time: 0.031, data_time: 0.000, memory: 701, loss: 0.0018
2023-02-08 00:30:14,778 - mmcls - INFO - Epoch [3][700/3125]	lr: 1.000e-03, eta: 5:26:27, time: 0.031, data_time: 0.000, memory: 701, loss: 0.0027
2023-02-08 00:30:17,859 - mmcls - INFO - Epoch [3][800/3125]	lr: 1.000e-03, eta: 5:26:16, time: 0.031, data_time: 0.000, memory: 701, loss: 0.0025
2023-02-08 00:30:20,939 - mmcls - INFO - Epoch [3][900/3125]	lr: 1.000e-03, eta: 5:26:05, time: 0.031, data_time: 0.000, memory: 701, loss: 0.0037
2023-02-08 00:30:24,024 - mmcls - INFO - Epoch [3][1000/3125]	lr: 1.000e-03, eta: 5:25:55, time: 0.031, data_time: 0.000, memory: 701, loss: 0.0017
2023-02-08 00:30:27,107 - mmcls - INFO - Epoch [3][1100/3125]	lr: 1.000e-03, eta: 5:25:45, time: 0.031, data_time: 0.000, memory: 701, loss: 0.0007
2023-02-08 00:30:30,202 - mmcls - INFO - Epoch [3][1200/3125]	lr: 1.000e-03, eta: 5:25:36, time: 0.031, data_time: 0.000, memory: 701, loss: 0.0017
2023-02-08 00:30:33,284 - mmcls - INFO - Epoch [3][1300/3125]	lr: 1.000e-03, eta: 5:25:26, time: 0.031, data_time: 0.000, memory: 701, loss: 0.0010
2023-02-08 00:30:36,368 - mmcls - INFO - Epoch [3][1400/3125]	lr: 1.000e-03, eta: 5:25:17, time: 0.031, data_time: 0.000, memory: 701, loss: 0.0014
2023-02-08 00:30:39,451 - mmcls - INFO - Epoch [3][1500/3125]	lr: 1.000e-03, eta: 5:25:07, time: 0.031, data_time: 0.000, memory: 701, loss: 0.0018
2023-02-08 00:30:42,535 - mmcls - INFO - Epoch [3][1600/3125]	lr: 1.000e-03, eta: 5:24:58, time: 0.031, data_time: 0.000, memory: 701, loss: 0.0012
2023-02-08 00:30:45,621 - mmcls - INFO - Epoch [3][1700/3125]	lr: 1.000e-03, eta: 5:24:49, time: 0.031, data_time: 0.000, memory: 701, loss: 0.0016
2023-02-08 00:30:48,730 - mmcls - INFO - Epoch [3][1800/3125]	lr: 1.000e-03, eta: 5:24:42, time: 0.031, data_time: 0.000, memory: 701, loss: 0.0013
2023-02-08 00:30:51,841 - mmcls - INFO - Epoch [3][1900/3125]	lr: 1.000e-03, eta: 5:24:35, time: 0.031, data_time: 0.000, memory: 701, loss: 0.0032
2023-02-08 00:30:54,947 - mmcls - INFO - Epoch [3][2000/3125]	lr: 1.000e-03, eta: 5:24:28, time: 0.031, data_time: 0.000, memory: 701, loss: 0.0017
2023-02-08 00:30:58,054 - mmcls - INFO - Epoch [3][2100/3125]	lr: 1.000e-03, eta: 5:24:21, time: 0.031, data_time: 0.000, memory: 701, loss: 0.0028
2023-02-08 00:31:01,157 - mmcls - INFO - Epoch [3][2200/3125]	lr: 1.000e-03, eta: 5:24:14, time: 0.031, data_time: 0.000, memory: 701, loss: 0.0035
2023-02-08 00:31:04,267 - mmcls - INFO - Epoch [3][2300/3125]	lr: 1.000e-03, eta: 5:24:08, time: 0.031, data_time: 0.000, memory: 701, loss: 0.0012
2023-02-08 00:31:07,374 - mmcls - INFO - Epoch [3][2400/3125]	lr: 1.000e-03, eta: 5:24:01, time: 0.031, data_time: 0.000, memory: 701, loss: 0.0013
2023-02-08 00:31:10,484 - mmcls - INFO - Epoch [3][2500/3125]	lr: 1.000e-03, eta: 5:23:55, time: 0.031, data_time: 0.000, memory: 701, loss: 0.0023
2023-02-08 00:31:13,589 - mmcls - INFO - Epoch [3][2600/3125]	lr: 1.000e-03, eta: 5:23:48, time: 0.031, data_time: 0.000, memory: 701, loss: 0.0026
2023-02-08 00:31:16,695 - mmcls - INFO - Epoch [3][2700/3125]	lr: 1.000e-03, eta: 5:23:42, time: 0.031, data_time: 0.000, memory: 701, loss: 0.0014
2023-02-08 00:31:19,807 - mmcls - INFO - Epoch [3][2800/3125]	lr: 1.000e-03, eta: 5:23:36, time: 0.031, data_time: 0.000, memory: 701, loss: 0.0023
2023-02-08 00:31:22,913 - mmcls - INFO - Epoch [3][2900/3125]	lr: 1.000e-03, eta: 5:23:30, time: 0.031, data_time: 0.000, memory: 701, loss: 0.0013
2023-02-08 00:31:26,019 - mmcls - INFO - Epoch [3][3000/3125]	lr: 1.000e-03, eta: 5:23:24, time: 0.031, data_time: 0.000, memory: 701, loss: 0.0019
2023-02-08 00:31:29,123 - mmcls - INFO - Epoch [3][3100/3125]	lr: 1.000e-03, eta: 5:23:17, time: 0.031, data_time: 0.000, memory: 701, loss: 0.0017
2023-02-08 00:31:35,618 - mmcls - INFO - Epoch(val) [3][625]	accuracy_top-1: 95.5500, accuracy_top-5: 99.9100
2023-02-08 00:31:40,721 - mmcls - INFO - Epoch [4][100/3125]	lr: 1.000e-03, eta: 5:24:29, time: 0.051, data_time: 0.020, memory: 701, loss: 0.0010
2023-02-08 00:31:43,801 - mmcls - INFO - Epoch [4][200/3125]	lr: 1.000e-03, eta: 5:24:20, time: 0.031, data_time: 0.000, memory: 701, loss: 0.0029
2023-02-08 00:31:46,891 - mmcls - INFO - Epoch [4][300/3125]	lr: 1.000e-03, eta: 5:24:13, time: 0.031, data_time: 0.000, memory: 701, loss: 0.0009
2023-02-08 00:31:49,969 - mmcls - INFO - Epoch [4][400/3125]	lr: 1.000e-03, eta: 5:24:04, time: 0.031, data_time: 0.000, memory: 701, loss: 0.0018
2023-02-08 00:31:53,049 - mmcls - INFO - Epoch [4][500/3125]	lr: 1.000e-03, eta: 5:23:56, time: 0.031, data_time: 0.000, memory: 701, loss: 0.0017
2023-02-08 00:31:56,128 - mmcls - INFO - Epoch [4][600/3125]	lr: 1.000e-03, eta: 5:23:48, time: 0.031, data_time: 0.000, memory: 701, loss: 0.0013
2023-02-08 00:31:59,210 - mmcls - INFO - Epoch [4][700/3125]	lr: 1.000e-03, eta: 5:23:40, time: 0.031, data_time: 0.000, memory: 701, loss: 0.0012
2023-02-08 00:32:02,293 - mmcls - INFO - Epoch [4][800/3125]	lr: 1.000e-03, eta: 5:23:32, time: 0.031, data_time: 0.000, memory: 701, loss: 0.0019
2023-02-08 00:32:05,380 - mmcls - INFO - Epoch [4][900/3125]	lr: 1.000e-03, eta: 5:23:25, time: 0.031, data_time: 0.000, memory: 701, loss: 0.0031
2023-02-08 00:32:08,465 - mmcls - INFO - Epoch [4][1000/3125]	lr: 1.000e-03, eta: 5:23:17, time: 0.031, data_time: 0.000, memory: 701, loss: 0.0026
2023-02-08 00:32:11,550 - mmcls - INFO - Epoch [4][1100/3125]	lr: 1.000e-03, eta: 5:23:10, time: 0.031, data_time: 0.000, memory: 701, loss: 0.0023
2023-02-08 00:32:14,659 - mmcls - INFO - Epoch [4][1200/3125]	lr: 1.000e-03, eta: 5:23:04, time: 0.031, data_time: 0.000, memory: 701, loss: 0.0008
2023-02-08 00:32:17,767 - mmcls - INFO - Epoch [4][1300/3125]	lr: 1.000e-03, eta: 5:22:58, time: 0.031, data_time: 0.000, memory: 701, loss: 0.0011
2023-02-08 00:32:20,877 - mmcls - INFO - Epoch [4][1400/3125]	lr: 1.000e-03, eta: 5:22:53, time: 0.031, data_time: 0.000, memory: 701, loss: 0.0017
2023-02-08 00:32:23,961 - mmcls - INFO - Epoch [4][1500/3125]	lr: 1.000e-03, eta: 5:22:46, time: 0.031, data_time: 0.000, memory: 701, loss: 0.0017
2023-02-08 00:32:27,046 - mmcls - INFO - Epoch [4][1600/3125]	lr: 1.000e-03, eta: 5:22:38, time: 0.031, data_time: 0.000, memory: 701, loss: 0.0008
2023-02-08 00:32:30,154 - mmcls - INFO - Epoch [4][1700/3125]	lr: 1.000e-03, eta: 5:22:33, time: 0.031, data_time: 0.000, memory: 701, loss: 0.0013
2023-02-08 00:32:33,263 - mmcls - INFO - Epoch [4][1800/3125]	lr: 1.000e-03, eta: 5:22:27, time: 0.031, data_time: 0.000, memory: 701, loss: 0.0012
2023-02-08 00:32:36,370 - mmcls - INFO - Epoch [4][1900/3125]	lr: 1.000e-03, eta: 5:22:22, time: 0.031, data_time: 0.000, memory: 701, loss: 0.0016
2023-02-08 00:32:39,484 - mmcls - INFO - Epoch [4][2000/3125]	lr: 1.000e-03, eta: 5:22:16, time: 0.031, data_time: 0.000, memory: 701, loss: 0.0020
2023-02-08 00:32:42,582 - mmcls - INFO - Epoch [4][2100/3125]	lr: 1.000e-03, eta: 5:22:11, time: 0.031, data_time: 0.000, memory: 701, loss: 0.0010
2023-02-08 00:32:45,689 - mmcls - INFO - Epoch [4][2200/3125]	lr: 1.000e-03, eta: 5:22:05, time: 0.031, data_time: 0.000, memory: 701, loss: 0.0031
2023-02-08 00:32:48,770 - mmcls - INFO - Epoch [4][2300/3125]	lr: 1.000e-03, eta: 5:21:58, time: 0.031, data_time: 0.000, memory: 701, loss: 0.0014
2023-02-08 00:32:51,845 - mmcls - INFO - Epoch [4][2400/3125]	lr: 1.000e-03, eta: 5:21:51, time: 0.031, data_time: 0.000, memory: 701, loss: 0.0016
2023-02-08 00:32:54,929 - mmcls - INFO - Epoch [4][2500/3125]	lr: 1.000e-03, eta: 5:21:45, time: 0.031, data_time: 0.000, memory: 701, loss: 0.0010
2023-02-08 00:32:58,011 - mmcls - INFO - Epoch [4][2600/3125]	lr: 1.000e-03, eta: 5:21:38, time: 0.031, data_time: 0.000, memory: 701, loss: 0.0012
2023-02-08 00:33:01,091 - mmcls - INFO - Epoch [4][2700/3125]	lr: 1.000e-03, eta: 5:21:31, time: 0.031, data_time: 0.000, memory: 701, loss: 0.0010
2023-02-08 00:33:04,173 - mmcls - INFO - Epoch [4][2800/3125]	lr: 1.000e-03, eta: 5:21:25, time: 0.031, data_time: 0.000, memory: 701, loss: 0.0015
2023-02-08 00:33:07,257 - mmcls - INFO - Epoch [4][2900/3125]	lr: 1.000e-03, eta: 5:21:19, time: 0.031, data_time: 0.000, memory: 701, loss: 0.0020
2023-02-08 00:33:10,331 - mmcls - INFO - Epoch [4][3000/3125]	lr: 1.000e-03, eta: 5:21:12, time: 0.031, data_time: 0.000, memory: 701, loss: 0.0015
2023-02-08 00:33:13,398 - mmcls - INFO - Epoch [4][3100/3125]	lr: 1.000e-03, eta: 5:21:05, time: 0.031, data_time: 0.000, memory: 701, loss: 0.0008
2023-02-08 00:33:20,080 - mmcls - INFO - Epoch(val) [4][625]	accuracy_top-1: 95.5400, accuracy_top-5: 99.9000
2023-02-08 00:33:25,168 - mmcls - INFO - Epoch [5][100/3125]	lr: 1.000e-03, eta: 5:21:57, time: 0.051, data_time: 0.020, memory: 701, loss: 0.0013
2023-02-08 00:33:28,255 - mmcls - INFO - Epoch [5][200/3125]	lr: 1.000e-03, eta: 5:21:51, time: 0.031, data_time: 0.000, memory: 701, loss: 0.0013
2023-02-08 00:33:31,343 - mmcls - INFO - Epoch [5][300/3125]	lr: 1.000e-03, eta: 5:21:44, time: 0.031, data_time: 0.000, memory: 701, loss: 0.0015
2023-02-08 00:33:34,431 - mmcls - INFO - Epoch [5][400/3125]	lr: 1.000e-03, eta: 5:21:38, time: 0.031, data_time: 0.000, memory: 701, loss: 0.0010
2023-02-08 00:33:37,516 - mmcls - INFO - Epoch [5][500/3125]	lr: 1.000e-03, eta: 5:21:32, time: 0.031, data_time: 0.000, memory: 701, loss: 0.0018
2023-02-08 00:33:40,553 - mmcls - INFO - Epoch [5][600/3125]	lr: 1.000e-03, eta: 5:21:23, time: 0.030, data_time: 0.000, memory: 701, loss: 0.0024
2023-02-08 00:33:43,593 - mmcls - INFO - Epoch [5][700/3125]	lr: 1.000e-03, eta: 5:21:15, time: 0.030, data_time: 0.000, memory: 701, loss: 0.0042
2023-02-08 00:33:46,633 - mmcls - INFO - Epoch [5][800/3125]	lr: 1.000e-03, eta: 5:21:07, time: 0.030, data_time: 0.000, memory: 701, loss: 0.0018
2023-02-08 00:33:49,672 - mmcls - INFO - Epoch [5][900/3125]	lr: 1.000e-03, eta: 5:20:58, time: 0.030, data_time: 0.000, memory: 701, loss: 0.0014
2023-02-08 00:33:52,711 - mmcls - INFO - Epoch [5][1000/3125]	lr: 1.000e-03, eta: 5:20:50, time: 0.030, data_time: 0.000, memory: 701, loss: 0.0024
2023-02-08 00:33:55,800 - mmcls - INFO - Epoch [5][1100/3125]	lr: 1.000e-03, eta: 5:20:44, time: 0.031, data_time: 0.000, memory: 701, loss: 0.0014
2023-02-08 00:33:58,885 - mmcls - INFO - Epoch [5][1200/3125]	lr: 1.000e-03, eta: 5:20:38, time: 0.031, data_time: 0.000, memory: 701, loss: 0.0009
2023-02-08 00:34:01,974 - mmcls - INFO - Epoch [5][1300/3125]	lr: 1.000e-03, eta: 5:20:33, time: 0.031, data_time: 0.000, memory: 701, loss: 0.0010
2023-02-08 00:34:05,060 - mmcls - INFO - Epoch [5][1400/3125]	lr: 1.000e-03, eta: 5:20:27, time: 0.031, data_time: 0.000, memory: 701, loss: 0.0011
2023-02-08 00:34:08,138 - mmcls - INFO - Epoch [5][1500/3125]	lr: 1.000e-03, eta: 5:20:21, time: 0.031, data_time: 0.000, memory: 701, loss: 0.0012
2023-02-08 00:34:11,210 - mmcls - INFO - Epoch [5][1600/3125]	lr: 1.000e-03, eta: 5:20:14, time: 0.031, data_time: 0.000, memory: 701, loss: 0.0026
2023-02-08 00:34:14,279 - mmcls - INFO - Epoch [5][1700/3125]	lr: 1.000e-03, eta: 5:20:08, time: 0.031, data_time: 0.000, memory: 701, loss: 0.0016
2023-02-08 00:34:17,325 - mmcls - INFO - Epoch [5][1800/3125]	lr: 1.000e-03, eta: 5:20:01, time: 0.030, data_time: 0.000, memory: 701, loss: 0.0020
2023-02-08 00:34:20,376 - mmcls - INFO - Epoch [5][1900/3125]	lr: 1.000e-03, eta: 5:19:53, time: 0.031, data_time: 0.000, memory: 701, loss: 0.0010
2023-02-08 00:34:23,413 - mmcls - INFO - Epoch [5][2000/3125]	lr: 1.000e-03, eta: 5:19:46, time: 0.030, data_time: 0.000, memory: 701, loss: 0.0013
2023-02-08 00:34:26,484 - mmcls - INFO - Epoch [5][2100/3125]	lr: 1.000e-03, eta: 5:19:40, time: 0.031, data_time: 0.000, memory: 701, loss: 0.0024
2023-02-08 00:34:29,564 - mmcls - INFO - Epoch [5][2200/3125]	lr: 1.000e-03, eta: 5:19:34, time: 0.031, data_time: 0.000, memory: 701, loss: 0.0035
2023-02-08 00:34:32,634 - mmcls - INFO - Epoch [5][2300/3125]	lr: 1.000e-03, eta: 5:19:28, time: 0.031, data_time: 0.000, memory: 701, loss: 0.0021
2023-02-08 00:34:35,708 - mmcls - INFO - Epoch [5][2400/3125]	lr: 1.000e-03, eta: 5:19:22, time: 0.031, data_time: 0.000, memory: 701, loss: 0.0026
2023-02-08 00:34:38,778 - mmcls - INFO - Epoch [5][2500/3125]	lr: 1.000e-03, eta: 5:19:16, time: 0.031, data_time: 0.000, memory: 701, loss: 0.0047
2023-02-08 00:34:41,830 - mmcls - INFO - Epoch [5][2600/3125]	lr: 1.000e-03, eta: 5:19:09, time: 0.031, data_time: 0.000, memory: 701, loss: 0.0010
2023-02-08 00:34:44,871 - mmcls - INFO - Epoch [5][2700/3125]	lr: 1.000e-03, eta: 5:19:02, time: 0.030, data_time: 0.000, memory: 701, loss: 0.0019
2023-02-08 00:34:47,948 - mmcls - INFO - Epoch [5][2800/3125]	lr: 1.000e-03, eta: 5:18:56, time: 0.031, data_time: 0.000, memory: 701, loss: 0.0015
2023-02-08 00:34:51,035 - mmcls - INFO - Epoch [5][2900/3125]	lr: 1.000e-03, eta: 5:18:51, time: 0.031, data_time: 0.000, memory: 701, loss: 0.0019
2023-02-08 00:34:54,128 - mmcls - INFO - Epoch [5][3000/3125]	lr: 1.000e-03, eta: 5:18:46, time: 0.031, data_time: 0.000, memory: 701, loss: 0.0006
2023-02-08 00:34:57,204 - mmcls - INFO - Epoch [5][3100/3125]	lr: 1.000e-03, eta: 5:18:41, time: 0.031, data_time: 0.000, memory: 701, loss: 0.0016
2023-02-08 00:35:03,686 - mmcls - INFO - Epoch(val) [5][625]	accuracy_top-1: 95.4700, accuracy_top-5: 99.8900
2023-02-08 00:35:08,770 - mmcls - INFO - Epoch [6][100/3125]	lr: 1.000e-03, eta: 5:19:22, time: 0.051, data_time: 0.020, memory: 701, loss: 0.0013
2023-02-08 00:35:11,860 - mmcls - INFO - Epoch [6][200/3125]	lr: 1.000e-03, eta: 5:19:16, time: 0.031, data_time: 0.000, memory: 701, loss: 0.0018
2023-02-08 00:35:14,972 - mmcls - INFO - Epoch [6][300/3125]	lr: 1.000e-03, eta: 5:19:12, time: 0.031, data_time: 0.000, memory: 701, loss: 0.0008
2023-02-08 00:35:18,073 - mmcls - INFO - Epoch [6][400/3125]	lr: 1.000e-03, eta: 5:19:07, time: 0.031, data_time: 0.000, memory: 701, loss: 0.0016
2023-02-08 00:35:21,173 - mmcls - INFO - Epoch [6][500/3125]	lr: 1.000e-03, eta: 5:19:02, time: 0.031, data_time: 0.000, memory: 701, loss: 0.0040
2023-02-08 00:35:24,281 - mmcls - INFO - Epoch [6][600/3125]	lr: 1.000e-03, eta: 5:18:58, time: 0.031, data_time: 0.000, memory: 701, loss: 0.0011
2023-02-08 00:35:27,382 - mmcls - INFO - Epoch [6][700/3125]	lr: 1.000e-03, eta: 5:18:53, time: 0.031, data_time: 0.000, memory: 701, loss: 0.0010
2023-02-08 00:35:30,486 - mmcls - INFO - Epoch [6][800/3125]	lr: 1.000e-03, eta: 5:18:49, time: 0.031, data_time: 0.000, memory: 701, loss: 0.0014
2023-02-08 00:35:33,589 - mmcls - INFO - Epoch [6][900/3125]	lr: 1.000e-03, eta: 5:18:44, time: 0.031, data_time: 0.000, memory: 701, loss: 0.0015
2023-02-08 00:35:36,685 - mmcls - INFO - Epoch [6][1000/3125]	lr: 1.000e-03, eta: 5:18:39, time: 0.031, data_time: 0.000, memory: 701, loss: 0.0013
2023-02-08 00:35:39,773 - mmcls - INFO - Epoch [6][1100/3125]	lr: 1.000e-03, eta: 5:18:34, time: 0.031, data_time: 0.000, memory: 701, loss: 0.0024
2023-02-08 00:35:42,880 - mmcls - INFO - Epoch [6][1200/3125]	lr: 1.000e-03, eta: 5:18:29, time: 0.031, data_time: 0.000, memory: 701, loss: 0.0014
2023-02-08 00:35:45,973 - mmcls - INFO - Epoch [6][1300/3125]	lr: 1.000e-03, eta: 5:18:25, time: 0.031, data_time: 0.000, memory: 701, loss: 0.0026
2023-02-08 00:35:49,075 - mmcls - INFO - Epoch [6][1400/3125]	lr: 1.000e-03, eta: 5:18:20, time: 0.031, data_time: 0.000, memory: 701, loss: 0.0030
2023-02-08 00:35:52,176 - mmcls - INFO - Epoch [6][1500/3125]	lr: 1.000e-03, eta: 5:18:15, time: 0.031, data_time: 0.000, memory: 701, loss: 0.0027
2023-02-08 00:35:55,288 - mmcls - INFO - Epoch [6][1600/3125]	lr: 1.000e-03, eta: 5:18:11, time: 0.031, data_time: 0.000, memory: 701, loss: 0.0013
2023-02-08 00:35:58,393 - mmcls - INFO - Epoch [6][1700/3125]	lr: 1.000e-03, eta: 5:18:07, time: 0.031, data_time: 0.000, memory: 701, loss: 0.0024
2023-02-08 00:36:01,492 - mmcls - INFO - Epoch [6][1800/3125]	lr: 1.000e-03, eta: 5:18:02, time: 0.031, data_time: 0.000, memory: 701, loss: 0.0017
2023-02-08 00:36:04,582 - mmcls - INFO - Epoch [6][1900/3125]	lr: 1.000e-03, eta: 5:17:57, time: 0.031, data_time: 0.000, memory: 701, loss: 0.0022
2023-02-08 00:36:07,674 - mmcls - INFO - Epoch [6][2000/3125]	lr: 1.000e-03, eta: 5:17:52, time: 0.031, data_time: 0.000, memory: 701, loss: 0.0013
2023-02-08 00:36:10,783 - mmcls - INFO - Epoch [6][2100/3125]	lr: 1.000e-03, eta: 5:17:48, time: 0.031, data_time: 0.000, memory: 701, loss: 0.0016
2023-02-08 00:36:13,895 - mmcls - INFO - Epoch [6][2200/3125]	lr: 1.000e-03, eta: 5:17:44, time: 0.031, data_time: 0.000, memory: 701, loss: 0.0012
2023-02-08 00:36:17,012 - mmcls - INFO - Epoch [6][2300/3125]	lr: 1.000e-03, eta: 5:17:40, time: 0.031, data_time: 0.000, memory: 701, loss: 0.0015
2023-02-08 00:36:20,127 - mmcls - INFO - Epoch [6][2400/3125]	lr: 1.000e-03, eta: 5:17:36, time: 0.031, data_time: 0.000, memory: 701, loss: 0.0008
2023-02-08 00:36:23,240 - mmcls - INFO - Epoch [6][2500/3125]	lr: 1.000e-03, eta: 5:17:32, time: 0.031, data_time: 0.000, memory: 701, loss: 0.0024
2023-02-08 00:36:26,357 - mmcls - INFO - Epoch [6][2600/3125]	lr: 1.000e-03, eta: 5:17:28, time: 0.031, data_time: 0.000, memory: 701, loss: 0.0022
2023-02-08 00:36:29,467 - mmcls - INFO - Epoch [6][2700/3125]	lr: 1.000e-03, eta: 5:17:24, time: 0.031, data_time: 0.000, memory: 701, loss: 0.0014
2023-02-08 00:36:32,579 - mmcls - INFO - Epoch [6][2800/3125]	lr: 1.000e-03, eta: 5:17:20, time: 0.031, data_time: 0.000, memory: 701, loss: 0.0017
2023-02-08 00:36:35,687 - mmcls - INFO - Epoch [6][2900/3125]	lr: 1.000e-03, eta: 5:17:16, time: 0.031, data_time: 0.000, memory: 701, loss: 0.0013
2023-02-08 00:36:38,793 - mmcls - INFO - Epoch [6][3000/3125]	lr: 1.000e-03, eta: 5:17:12, time: 0.031, data_time: 0.000, memory: 701, loss: 0.0030
2023-02-08 00:36:41,900 - mmcls - INFO - Epoch [6][3100/3125]	lr: 1.000e-03, eta: 5:17:08, time: 0.031, data_time: 0.000, memory: 701, loss: 0.0010
2023-02-08 00:36:48,403 - mmcls - INFO - Epoch(val) [6][625]	accuracy_top-1: 95.3200, accuracy_top-5: 99.8900
2023-02-08 00:36:53,448 - mmcls - INFO - Epoch [7][100/3125]	lr: 1.000e-03, eta: 5:17:40, time: 0.050, data_time: 0.020, memory: 701, loss: 0.0018
2023-02-08 00:36:56,491 - mmcls - INFO - Epoch [7][200/3125]	lr: 1.000e-03, eta: 5:17:33, time: 0.030, data_time: 0.000, memory: 701, loss: 0.0017
2023-02-08 00:36:59,526 - mmcls - INFO - Epoch [7][300/3125]	lr: 1.000e-03, eta: 5:17:27, time: 0.030, data_time: 0.000, memory: 701, loss: 0.0008
2023-02-08 00:37:02,608 - mmcls - INFO - Epoch [7][400/3125]	lr: 1.000e-03, eta: 5:17:22, time: 0.031, data_time: 0.000, memory: 701, loss: 0.0022
2023-02-08 00:37:05,694 - mmcls - INFO - Epoch [7][500/3125]	lr: 1.000e-03, eta: 5:17:17, time: 0.031, data_time: 0.000, memory: 701, loss: 0.0016
2023-02-08 00:37:08,782 - mmcls - INFO - Epoch [7][600/3125]	lr: 1.000e-03, eta: 5:17:12, time: 0.031, data_time: 0.000, memory: 701, loss: 0.0009
2023-02-08 00:37:11,870 - mmcls - INFO - Epoch [7][700/3125]	lr: 1.000e-03, eta: 5:17:07, time: 0.031, data_time: 0.000, memory: 701, loss: 0.0023
2023-02-08 00:37:14,990 - mmcls - INFO - Epoch [7][800/3125]	lr: 1.000e-03, eta: 5:17:03, time: 0.031, data_time: 0.000, memory: 701, loss: 0.0008
2023-02-08 00:37:18,099 - mmcls - INFO - Epoch [7][900/3125]	lr: 1.000e-03, eta: 5:16:59, time: 0.031, data_time: 0.000, memory: 701, loss: 0.0014
2023-02-08 00:37:21,216 - mmcls - INFO - Epoch [7][1000/3125]	lr: 1.000e-03, eta: 5:16:55, time: 0.031, data_time: 0.000, memory: 701, loss: 0.0036
2023-02-08 00:37:24,328 - mmcls - INFO - Epoch [7][1100/3125]	lr: 1.000e-03, eta: 5:16:51, time: 0.031, data_time: 0.000, memory: 701, loss: 0.0008
2023-02-08 00:37:27,426 - mmcls - INFO - Epoch [7][1200/3125]	lr: 1.000e-03, eta: 5:16:46, time: 0.031, data_time: 0.000, memory: 701, loss: 0.0061
2023-02-08 00:37:30,534 - mmcls - INFO - Epoch [7][1300/3125]	lr: 1.000e-03, eta: 5:16:42, time: 0.031, data_time: 0.000, memory: 701, loss: 0.0024
2023-02-08 00:37:33,631 - mmcls - INFO - Epoch [7][1400/3125]	lr: 1.000e-03, eta: 5:16:38, time: 0.031, data_time: 0.000, memory: 701, loss: 0.0021
2023-02-08 00:37:36,758 - mmcls - INFO - Epoch [7][1500/3125]	lr: 1.000e-03, eta: 5:16:34, time: 0.031, data_time: 0.000, memory: 701, loss: 0.0010
2023-02-08 00:37:39,865 - mmcls - INFO - Epoch [7][1600/3125]	lr: 1.000e-03, eta: 5:16:30, time: 0.031, data_time: 0.000, memory: 701, loss: 0.0024
2023-02-08 00:37:42,962 - mmcls - INFO - Epoch [7][1700/3125]	lr: 1.000e-03, eta: 5:16:26, time: 0.031, data_time: 0.000, memory: 701, loss: 0.0019
2023-02-08 00:37:46,071 - mmcls - INFO - Epoch [7][1800/3125]	lr: 1.000e-03, eta: 5:16:22, time: 0.031, data_time: 0.000, memory: 701, loss: 0.0012
2023-02-08 00:37:49,187 - mmcls - INFO - Epoch [7][1900/3125]	lr: 1.000e-03, eta: 5:16:18, time: 0.031, data_time: 0.000, memory: 701, loss: 0.0016
2023-02-08 00:37:52,232 - mmcls - INFO - Epoch [7][2000/3125]	lr: 1.000e-03, eta: 5:16:12, time: 0.030, data_time: 0.000, memory: 701, loss: 0.0021
2023-02-08 00:37:55,333 - mmcls - INFO - Epoch [7][2100/3125]	lr: 1.000e-03, eta: 5:16:07, time: 0.031, data_time: 0.000, memory: 701, loss: 0.0042
2023-02-08 00:37:58,447 - mmcls - INFO - Epoch [7][2200/3125]	lr: 1.000e-03, eta: 5:16:04, time: 0.031, data_time: 0.000, memory: 701, loss: 0.0016
2023-02-08 00:38:01,538 - mmcls - INFO - Epoch [7][2300/3125]	lr: 1.000e-03, eta: 5:15:59, time: 0.031, data_time: 0.000, memory: 701, loss: 0.0016
2023-02-08 00:38:04,620 - mmcls - INFO - Epoch [7][2400/3125]	lr: 1.000e-03, eta: 5:15:54, time: 0.031, data_time: 0.000, memory: 701, loss: 0.0019
2023-02-08 00:38:07,741 - mmcls - INFO - Epoch [7][2500/3125]	lr: 1.000e-03, eta: 5:15:51, time: 0.031, data_time: 0.000, memory: 701, loss: 0.0019
2023-02-08 00:38:10,823 - mmcls - INFO - Epoch [7][2600/3125]	lr: 1.000e-03, eta: 5:15:46, time: 0.031, data_time: 0.000, memory: 701, loss: 0.0013
2023-02-08 00:38:13,904 - mmcls - INFO - Epoch [7][2700/3125]	lr: 1.000e-03, eta: 5:15:41, time: 0.031, data_time: 0.000, memory: 701, loss: 0.0010
2023-02-08 00:38:17,029 - mmcls - INFO - Epoch [7][2800/3125]	lr: 1.000e-03, eta: 5:15:38, time: 0.031, data_time: 0.001, memory: 701, loss: 0.0017
2023-02-08 00:38:20,110 - mmcls - INFO - Epoch [7][2900/3125]	lr: 1.000e-03, eta: 5:15:33, time: 0.031, data_time: 0.000, memory: 701, loss: 0.0019
2023-02-08 00:38:23,195 - mmcls - INFO - Epoch [7][3000/3125]	lr: 1.000e-03, eta: 5:15:28, time: 0.031, data_time: 0.000, memory: 701, loss: 0.0016
2023-02-08 00:38:26,284 - mmcls - INFO - Epoch [7][3100/3125]	lr: 1.000e-03, eta: 5:15:24, time: 0.031, data_time: 0.000, memory: 701, loss: 0.0007
2023-02-08 00:38:32,904 - mmcls - INFO - Epoch(val) [7][625]	accuracy_top-1: 95.2800, accuracy_top-5: 99.8900
2023-02-08 00:38:37,996 - mmcls - INFO - Epoch [8][100/3125]	lr: 1.000e-03, eta: 5:15:52, time: 0.051, data_time: 0.020, memory: 701, loss: 0.0026
2023-02-08 00:38:41,026 - mmcls - INFO - Epoch [8][200/3125]	lr: 1.000e-03, eta: 5:15:46, time: 0.030, data_time: 0.000, memory: 701, loss: 0.0014
2023-02-08 00:38:44,058 - mmcls - INFO - Epoch [8][300/3125]	lr: 1.000e-03, eta: 5:15:39, time: 0.030, data_time: 0.000, memory: 701, loss: 0.0012
2023-02-08 00:38:47,099 - mmcls - INFO - Epoch [8][400/3125]	lr: 1.000e-03, eta: 5:15:34, time: 0.030, data_time: 0.000, memory: 701, loss: 0.0014
2023-02-08 00:38:50,132 - mmcls - INFO - Epoch [8][500/3125]	lr: 1.000e-03, eta: 5:15:28, time: 0.030, data_time: 0.000, memory: 701, loss: 0.0020
2023-02-08 00:38:53,165 - mmcls - INFO - Epoch [8][600/3125]	lr: 1.000e-03, eta: 5:15:21, time: 0.030, data_time: 0.000, memory: 701, loss: 0.0014
2023-02-08 00:38:56,237 - mmcls - INFO - Epoch [8][700/3125]	lr: 1.000e-03, eta: 5:15:17, time: 0.031, data_time: 0.000, memory: 701, loss: 0.0024
2023-02-08 00:38:59,321 - mmcls - INFO - Epoch [8][800/3125]	lr: 1.000e-03, eta: 5:15:12, time: 0.031, data_time: 0.000, memory: 701, loss: 0.0014
2023-02-08 00:39:02,403 - mmcls - INFO - Epoch [8][900/3125]	lr: 1.000e-03, eta: 5:15:07, time: 0.031, data_time: 0.000, memory: 701, loss: 0.0017
2023-02-08 00:39:05,484 - mmcls - INFO - Epoch [8][1000/3125]	lr: 1.000e-03, eta: 5:15:02, time: 0.031, data_time: 0.000, memory: 701, loss: 0.0021
2023-02-08 00:39:08,571 - mmcls - INFO - Epoch [8][1100/3125]	lr: 1.000e-03, eta: 5:14:58, time: 0.031, data_time: 0.000, memory: 701, loss: 0.0010
2023-02-08 00:39:11,680 - mmcls - INFO - Epoch [8][1200/3125]	lr: 1.000e-03, eta: 5:14:54, time: 0.031, data_time: 0.000, memory: 701, loss: 0.0008
2023-02-08 00:39:14,778 - mmcls - INFO - Epoch [8][1300/3125]	lr: 1.000e-03, eta: 5:14:50, time: 0.031, data_time: 0.000, memory: 701, loss: 0.0014
2023-02-08 00:39:17,870 - mmcls - INFO - Epoch [8][1400/3125]	lr: 1.000e-03, eta: 5:14:45, time: 0.031, data_time: 0.000, memory: 701, loss: 0.0014
2023-02-08 00:39:20,974 - mmcls - INFO - Epoch [8][1500/3125]	lr: 1.000e-03, eta: 5:14:41, time: 0.031, data_time: 0.000, memory: 701, loss: 0.0036
2023-02-08 00:39:24,076 - mmcls - INFO - Epoch [8][1600/3125]	lr: 1.000e-03, eta: 5:14:37, time: 0.031, data_time: 0.000, memory: 701, loss: 0.0021
2023-02-08 00:39:27,154 - mmcls - INFO - Epoch [8][1700/3125]	lr: 1.000e-03, eta: 5:14:33, time: 0.031, data_time: 0.000, memory: 701, loss: 0.0027
2023-02-08 00:39:30,214 - mmcls - INFO - Epoch [8][1800/3125]	lr: 1.000e-03, eta: 5:14:28, time: 0.031, data_time: 0.000, memory: 701, loss: 0.0018
2023-02-08 00:39:33,268 - mmcls - INFO - Epoch [8][1900/3125]	lr: 1.000e-03, eta: 5:14:22, time: 0.031, data_time: 0.000, memory: 701, loss: 0.0024
2023-02-08 00:39:36,323 - mmcls - INFO - Epoch [8][2000/3125]	lr: 1.000e-03, eta: 5:14:17, time: 0.031, data_time: 0.000, memory: 701, loss: 0.0013
2023-02-08 00:39:39,392 - mmcls - INFO - Epoch [8][2100/3125]	lr: 1.000e-03, eta: 5:14:12, time: 0.031, data_time: 0.000, memory: 701, loss: 0.0018
2023-02-08 00:39:42,469 - mmcls - INFO - Epoch [8][2200/3125]	lr: 1.000e-03, eta: 5:14:08, time: 0.031, data_time: 0.000, memory: 701, loss: 0.0012
2023-02-08 00:39:45,538 - mmcls - INFO - Epoch [8][2300/3125]	lr: 1.000e-03, eta: 5:14:03, time: 0.031, data_time: 0.000, memory: 701, loss: 0.0058
2023-02-08 00:39:48,609 - mmcls - INFO - Epoch [8][2400/3125]	lr: 1.000e-03, eta: 5:13:58, time: 0.031, data_time: 0.000, memory: 701, loss: 0.0023
2023-02-08 00:39:51,661 - mmcls - INFO - Epoch [8][2500/3125]	lr: 1.000e-03, eta: 5:13:53, time: 0.031, data_time: 0.000, memory: 701, loss: 0.0014
2023-02-08 00:39:54,711 - mmcls - INFO - Epoch [8][2600/3125]	lr: 1.000e-03, eta: 5:13:48, time: 0.030, data_time: 0.000, memory: 701, loss: 0.0028
2023-02-08 00:39:57,756 - mmcls - INFO - Epoch [8][2700/3125]	lr: 1.000e-03, eta: 5:13:42, time: 0.030, data_time: 0.000, memory: 701, loss: 0.0010
2023-02-08 00:40:00,802 - mmcls - INFO - Epoch [8][2800/3125]	lr: 1.000e-03, eta: 5:13:37, time: 0.030, data_time: 0.000, memory: 701, loss: 0.0017
2023-02-08 00:40:03,847 - mmcls - INFO - Epoch [8][2900/3125]	lr: 1.000e-03, eta: 5:13:32, time: 0.030, data_time: 0.000, memory: 701, loss: 0.0007
2023-02-08 00:40:06,890 - mmcls - INFO - Epoch [8][3000/3125]	lr: 1.000e-03, eta: 5:13:26, time: 0.030, data_time: 0.000, memory: 701, loss: 0.0013
2023-02-08 00:40:09,935 - mmcls - INFO - Epoch [8][3100/3125]	lr: 1.000e-03, eta: 5:13:21, time: 0.030, data_time: 0.000, memory: 701, loss: 0.0017
2023-02-08 00:40:16,499 - mmcls - INFO - Epoch(val) [8][625]	accuracy_top-1: 95.3000, accuracy_top-5: 99.8600
2023-02-08 00:40:21,576 - mmcls - INFO - Epoch [9][100/3125]	lr: 1.000e-03, eta: 5:13:45, time: 0.051, data_time: 0.020, memory: 701, loss: 0.0017
2023-02-08 00:40:24,635 - mmcls - INFO - Epoch [9][200/3125]	lr: 1.000e-03, eta: 5:13:40, time: 0.031, data_time: 0.000, memory: 701, loss: 0.0017
2023-02-08 00:40:27,703 - mmcls - INFO - Epoch [9][300/3125]	lr: 1.000e-03, eta: 5:13:35, time: 0.031, data_time: 0.000, memory: 701, loss: 0.0012
2023-02-08 00:40:30,760 - mmcls - INFO - Epoch [9][400/3125]	lr: 1.000e-03, eta: 5:13:30, time: 0.031, data_time: 0.000, memory: 701, loss: 0.0012
2023-02-08 00:40:33,810 - mmcls - INFO - Epoch [9][500/3125]	lr: 1.000e-03, eta: 5:13:25, time: 0.030, data_time: 0.000, memory: 701, loss: 0.0038
2023-02-08 00:40:36,860 - mmcls - INFO - Epoch [9][600/3125]	lr: 1.000e-03, eta: 5:13:19, time: 0.031, data_time: 0.000, memory: 701, loss: 0.0039
2023-02-08 00:40:39,907 - mmcls - INFO - Epoch [9][700/3125]	lr: 1.000e-03, eta: 5:13:14, time: 0.030, data_time: 0.000, memory: 701, loss: 0.0015
2023-02-08 00:40:42,935 - mmcls - INFO - Epoch [9][800/3125]	lr: 1.000e-03, eta: 5:13:09, time: 0.030, data_time: 0.000, memory: 701, loss: 0.0021
2023-02-08 00:40:45,982 - mmcls - INFO - Epoch [9][900/3125]	lr: 1.000e-03, eta: 5:13:03, time: 0.030, data_time: 0.000, memory: 701, loss: 0.0020
2023-02-08 00:40:49,066 - mmcls - INFO - Epoch [9][1000/3125]	lr: 1.000e-03, eta: 5:12:59, time: 0.031, data_time: 0.000, memory: 701, loss: 0.0014
2023-02-08 00:40:52,138 - mmcls - INFO - Epoch [9][1100/3125]	lr: 1.000e-03, eta: 5:12:54, time: 0.031, data_time: 0.000, memory: 701, loss: 0.0030
2023-02-08 00:40:55,197 - mmcls - INFO - Epoch [9][1200/3125]	lr: 1.000e-03, eta: 5:12:50, time: 0.031, data_time: 0.000, memory: 701, loss: 0.0010
2023-02-08 00:40:58,267 - mmcls - INFO - Epoch [9][1300/3125]	lr: 1.000e-03, eta: 5:12:45, time: 0.031, data_time: 0.000, memory: 701, loss: 0.0022
2023-02-08 00:41:01,322 - mmcls - INFO - Epoch [9][1400/3125]	lr: 1.000e-03, eta: 5:12:40, time: 0.031, data_time: 0.000, memory: 701, loss: 0.0024
2023-02-08 00:41:04,388 - mmcls - INFO - Epoch [9][1500/3125]	lr: 1.000e-03, eta: 5:12:35, time: 0.031, data_time: 0.000, memory: 701, loss: 0.0014
2023-02-08 00:41:07,459 - mmcls - INFO - Epoch [9][1600/3125]	lr: 1.000e-03, eta: 5:12:31, time: 0.031, data_time: 0.000, memory: 701, loss: 0.0028
2023-02-08 00:41:10,505 - mmcls - INFO - Epoch [9][1700/3125]	lr: 1.000e-03, eta: 5:12:26, time: 0.030, data_time: 0.000, memory: 701, loss: 0.0022
2023-02-08 00:41:13,550 - mmcls - INFO - Epoch [9][1800/3125]	lr: 1.000e-03, eta: 5:12:21, time: 0.030, data_time: 0.000, memory: 701, loss: 0.0011
2023-02-08 00:41:16,591 - mmcls - INFO - Epoch [9][1900/3125]	lr: 1.000e-03, eta: 5:12:15, time: 0.030, data_time: 0.000, memory: 701, loss: 0.0021
2023-02-08 00:41:19,631 - mmcls - INFO - Epoch [9][2000/3125]	lr: 1.000e-03, eta: 5:12:10, time: 0.030, data_time: 0.000, memory: 701, loss: 0.0012
2023-02-08 00:41:22,676 - mmcls - INFO - Epoch [9][2100/3125]	lr: 1.000e-03, eta: 5:12:05, time: 0.030, data_time: 0.000, memory: 701, loss: 0.0016
2023-02-08 00:41:25,729 - mmcls - INFO - Epoch [9][2200/3125]	lr: 1.000e-03, eta: 5:12:00, time: 0.031, data_time: 0.000, memory: 701, loss: 0.0009
2023-02-08 00:41:28,796 - mmcls - INFO - Epoch [9][2300/3125]	lr: 1.000e-03, eta: 5:11:56, time: 0.031, data_time: 0.000, memory: 701, loss: 0.0015
2023-02-08 00:41:31,839 - mmcls - INFO - Epoch [9][2400/3125]	lr: 1.000e-03, eta: 5:11:51, time: 0.030, data_time: 0.000, memory: 701, loss: 0.0034
2023-02-08 00:41:34,892 - mmcls - INFO - Epoch [9][2500/3125]	lr: 1.000e-03, eta: 5:11:46, time: 0.031, data_time: 0.000, memory: 701, loss: 0.0013
2023-02-08 00:41:37,979 - mmcls - INFO - Epoch [9][2600/3125]	lr: 1.000e-03, eta: 5:11:42, time: 0.031, data_time: 0.000, memory: 701, loss: 0.0018
2023-02-08 00:41:41,060 - mmcls - INFO - Epoch [9][2700/3125]	lr: 1.000e-03, eta: 5:11:38, time: 0.031, data_time: 0.000, memory: 701, loss: 0.0019
2023-02-08 00:41:44,138 - mmcls - INFO - Epoch [9][2800/3125]	lr: 1.000e-03, eta: 5:11:33, time: 0.031, data_time: 0.000, memory: 701, loss: 0.0012
2023-02-08 00:41:47,218 - mmcls - INFO - Epoch [9][2900/3125]	lr: 1.000e-03, eta: 5:11:29, time: 0.031, data_time: 0.000, memory: 701, loss: 0.0019
2023-02-08 00:41:50,299 - mmcls - INFO - Epoch [9][3000/3125]	lr: 1.000e-03, eta: 5:11:25, time: 0.031, data_time: 0.000, memory: 701, loss: 0.0011
2023-02-08 00:41:53,373 - mmcls - INFO - Epoch [9][3100/3125]	lr: 1.000e-03, eta: 5:11:21, time: 0.031, data_time: 0.000, memory: 701, loss: 0.0012
2023-02-08 00:41:59,895 - mmcls - INFO - Epoch(val) [9][625]	accuracy_top-1: 95.6400, accuracy_top-5: 99.8700
2023-02-08 00:42:04,969 - mmcls - INFO - Epoch [10][100/3125]	lr: 1.000e-03, eta: 5:11:41, time: 0.051, data_time: 0.020, memory: 701, loss: 0.0013
2023-02-08 00:42:08,044 - mmcls - INFO - Epoch [10][200/3125]	lr: 1.000e-03, eta: 5:11:37, time: 0.031, data_time: 0.000, memory: 701, loss: 0.0010
2023-02-08 00:42:11,128 - mmcls - INFO - Epoch [10][300/3125]	lr: 1.000e-03, eta: 5:11:33, time: 0.031, data_time: 0.000, memory: 701, loss: 0.0025
2023-02-08 00:42:14,209 - mmcls - INFO - Epoch [10][400/3125]	lr: 1.000e-03, eta: 5:11:28, time: 0.031, data_time: 0.000, memory: 701, loss: 0.0016
2023-02-08 00:42:17,279 - mmcls - INFO - Epoch [10][500/3125]	lr: 1.000e-03, eta: 5:11:24, time: 0.031, data_time: 0.000, memory: 701, loss: 0.0042
2023-02-08 00:42:20,333 - mmcls - INFO - Epoch [10][600/3125]	lr: 1.000e-03, eta: 5:11:19, time: 0.031, data_time: 0.000, memory: 701, loss: 0.0029
2023-02-08 00:42:23,394 - mmcls - INFO - Epoch [10][700/3125]	lr: 1.000e-03, eta: 5:11:15, time: 0.031, data_time: 0.000, memory: 701, loss: 0.0016
2023-02-08 00:42:26,458 - mmcls - INFO - Epoch [10][800/3125]	lr: 1.000e-03, eta: 5:11:10, time: 0.031, data_time: 0.000, memory: 701, loss: 0.0009
2023-02-08 00:42:29,547 - mmcls - INFO - Epoch [10][900/3125]	lr: 1.000e-03, eta: 5:11:06, time: 0.031, data_time: 0.000, memory: 701, loss: 0.0019
2023-02-08 00:42:32,625 - mmcls - INFO - Epoch [10][1000/3125]	lr: 1.000e-03, eta: 5:11:02, time: 0.031, data_time: 0.000, memory: 701, loss: 0.0028
2023-02-08 00:42:35,677 - mmcls - INFO - Epoch [10][1100/3125]	lr: 1.000e-03, eta: 5:10:57, time: 0.031, data_time: 0.000, memory: 701, loss: 0.0016
2023-02-08 00:42:38,752 - mmcls - INFO - Epoch [10][1200/3125]	lr: 1.000e-03, eta: 5:10:53, time: 0.031, data_time: 0.000, memory: 701, loss: 0.0035
2023-02-08 00:42:41,839 - mmcls - INFO - Epoch [10][1300/3125]	lr: 1.000e-03, eta: 5:10:49, time: 0.031, data_time: 0.000, memory: 701, loss: 0.0011
2023-02-08 00:42:44,924 - mmcls - INFO - Epoch [10][1400/3125]	lr: 1.000e-03, eta: 5:10:45, time: 0.031, data_time: 0.000, memory: 701, loss: 0.0018
2023-02-08 00:42:48,022 - mmcls - INFO - Epoch [10][1500/3125]	lr: 1.000e-03, eta: 5:10:41, time: 0.031, data_time: 0.000, memory: 701, loss: 0.0014
2023-02-08 00:42:51,114 - mmcls - INFO - Epoch [10][1600/3125]	lr: 1.000e-03, eta: 5:10:37, time: 0.031, data_time: 0.000, memory: 701, loss: 0.0019
2023-02-08 00:42:54,205 - mmcls - INFO - Epoch [10][1700/3125]	lr: 1.000e-03, eta: 5:10:33, time: 0.031, data_time: 0.000, memory: 701, loss: 0.0012
2023-02-08 00:42:57,292 - mmcls - INFO - Epoch [10][1800/3125]	lr: 1.000e-03, eta: 5:10:29, time: 0.031, data_time: 0.000, memory: 701, loss: 0.0011
2023-02-08 00:43:00,374 - mmcls - INFO - Epoch [10][1900/3125]	lr: 1.000e-03, eta: 5:10:25, time: 0.031, data_time: 0.000, memory: 701, loss: 0.0023
2023-02-08 00:43:03,456 - mmcls - INFO - Epoch [10][2000/3125]	lr: 1.000e-03, eta: 5:10:21, time: 0.031, data_time: 0.000, memory: 701, loss: 0.0011
2023-02-08 00:43:06,540 - mmcls - INFO - Epoch [10][2100/3125]	lr: 1.000e-03, eta: 5:10:17, time: 0.031, data_time: 0.000, memory: 701, loss: 0.0021
2023-02-08 00:43:09,620 - mmcls - INFO - Epoch [10][2200/3125]	lr: 1.000e-03, eta: 5:10:13, time: 0.031, data_time: 0.000, memory: 701, loss: 0.0032
2023-02-08 00:43:12,705 - mmcls - INFO - Epoch [10][2300/3125]	lr: 1.000e-03, eta: 5:10:09, time: 0.031, data_time: 0.000, memory: 701, loss: 0.0013
2023-02-08 00:43:15,792 - mmcls - INFO - Epoch [10][2400/3125]	lr: 1.000e-03, eta: 5:10:05, time: 0.031, data_time: 0.000, memory: 701, loss: 0.0016
2023-02-08 00:43:18,877 - mmcls - INFO - Epoch [10][2500/3125]	lr: 1.000e-03, eta: 5:10:01, time: 0.031, data_time: 0.000, memory: 701, loss: 0.0016
2023-02-08 00:43:21,959 - mmcls - INFO - Epoch [10][2600/3125]	lr: 1.000e-03, eta: 5:09:57, time: 0.031, data_time: 0.000, memory: 701, loss: 0.0017
2023-02-08 00:43:25,040 - mmcls - INFO - Epoch [10][2700/3125]	lr: 1.000e-03, eta: 5:09:52, time: 0.031, data_time: 0.000, memory: 701, loss: 0.0011
2023-02-08 00:43:28,120 - mmcls - INFO - Epoch [10][2800/3125]	lr: 1.000e-03, eta: 5:09:48, time: 0.031, data_time: 0.000, memory: 701, loss: 0.0014
2023-02-08 00:43:31,211 - mmcls - INFO - Epoch [10][2900/3125]	lr: 1.000e-03, eta: 5:09:45, time: 0.031, data_time: 0.000, memory: 701, loss: 0.0010
2023-02-08 00:43:34,332 - mmcls - INFO - Epoch [10][3000/3125]	lr: 1.000e-03, eta: 5:09:41, time: 0.031, data_time: 0.000, memory: 701, loss: 0.0011
2023-02-08 00:43:37,439 - mmcls - INFO - Epoch [10][3100/3125]	lr: 1.000e-03, eta: 5:09:38, time: 0.031, data_time: 0.000, memory: 701, loss: 0.0013
2023-02-08 00:43:38,231 - mmcls - INFO - Saving checkpoint at 10 epochs
2023-02-08 00:43:44,220 - mmcls - INFO - Epoch(val) [10][625]	accuracy_top-1: 95.6100, accuracy_top-5: 99.8800
2023-02-08 00:43:49,323 - mmcls - INFO - Epoch [11][100/3125]	lr: 1.000e-03, eta: 5:09:56, time: 0.051, data_time: 0.020, memory: 701, loss: 0.0022
2023-02-08 00:43:52,422 - mmcls - INFO - Epoch [11][200/3125]	lr: 1.000e-03, eta: 5:09:53, time: 0.031, data_time: 0.000, memory: 701, loss: 0.0016
2023-02-08 00:43:55,516 - mmcls - INFO - Epoch [11][300/3125]	lr: 1.000e-03, eta: 5:09:49, time: 0.031, data_time: 0.000, memory: 701, loss: 0.0010
2023-02-08 00:43:58,583 - mmcls - INFO - Epoch [11][400/3125]	lr: 1.000e-03, eta: 5:09:44, time: 0.031, data_time: 0.000, memory: 701, loss: 0.0019
2023-02-08 00:44:01,634 - mmcls - INFO - Epoch [11][500/3125]	lr: 1.000e-03, eta: 5:09:40, time: 0.031, data_time: 0.000, memory: 701, loss: 0.0013
2023-02-08 00:44:04,724 - mmcls - INFO - Epoch [11][600/3125]	lr: 1.000e-03, eta: 5:09:36, time: 0.031, data_time: 0.000, memory: 701, loss: 0.0011
2023-02-08 00:44:07,810 - mmcls - INFO - Epoch [11][700/3125]	lr: 1.000e-03, eta: 5:09:32, time: 0.031, data_time: 0.000, memory: 701, loss: 0.0009
2023-02-08 00:44:10,892 - mmcls - INFO - Epoch [11][800/3125]	lr: 1.000e-03, eta: 5:09:28, time: 0.031, data_time: 0.000, memory: 701, loss: 0.0021
2023-02-08 00:44:13,975 - mmcls - INFO - Epoch [11][900/3125]	lr: 1.000e-03, eta: 5:09:24, time: 0.031, data_time: 0.000, memory: 701, loss: 0.0015
2023-02-08 00:44:17,062 - mmcls - INFO - Epoch [11][1000/3125]	lr: 1.000e-03, eta: 5:09:20, time: 0.031, data_time: 0.000, memory: 701, loss: 0.0018
2023-02-08 00:44:20,162 - mmcls - INFO - Epoch [11][1100/3125]	lr: 1.000e-03, eta: 5:09:16, time: 0.031, data_time: 0.000, memory: 701, loss: 0.0017
2023-02-08 00:44:23,253 - mmcls - INFO - Epoch [11][1200/3125]	lr: 1.000e-03, eta: 5:09:12, time: 0.031, data_time: 0.000, memory: 701, loss: 0.0015
2023-02-08 00:44:26,347 - mmcls - INFO - Epoch [11][1300/3125]	lr: 1.000e-03, eta: 5:09:08, time: 0.031, data_time: 0.000, memory: 701, loss: 0.0045
2023-02-08 00:44:29,442 - mmcls - INFO - Epoch [11][1400/3125]	lr: 1.000e-03, eta: 5:09:05, time: 0.031, data_time: 0.000, memory: 701, loss: 0.0010
2023-02-08 00:44:32,576 - mmcls - INFO - Epoch [11][1500/3125]	lr: 1.000e-03, eta: 5:09:01, time: 0.031, data_time: 0.000, memory: 701, loss: 0.0010
2023-02-08 00:44:35,695 - mmcls - INFO - Epoch [11][1600/3125]	lr: 1.000e-03, eta: 5:08:58, time: 0.031, data_time: 0.000, memory: 701, loss: 0.0018
2023-02-08 00:44:38,809 - mmcls - INFO - Epoch [11][1700/3125]	lr: 1.000e-03, eta: 5:08:55, time: 0.031, data_time: 0.000, memory: 701, loss: 0.0013
2023-02-08 00:44:41,903 - mmcls - INFO - Epoch [11][1800/3125]	lr: 1.000e-03, eta: 5:08:51, time: 0.031, data_time: 0.000, memory: 701, loss: 0.0010
2023-02-08 00:44:44,986 - mmcls - INFO - Epoch [11][1900/3125]	lr: 1.000e-03, eta: 5:08:47, time: 0.031, data_time: 0.000, memory: 701, loss: 0.0014
2023-02-08 00:44:48,068 - mmcls - INFO - Epoch [11][2000/3125]	lr: 1.000e-03, eta: 5:08:43, time: 0.031, data_time: 0.000, memory: 701, loss: 0.0007
2023-02-08 00:44:51,149 - mmcls - INFO - Epoch [11][2100/3125]	lr: 1.000e-03, eta: 5:08:39, time: 0.031, data_time: 0.000, memory: 701, loss: 0.0027
2023-02-08 00:44:54,233 - mmcls - INFO - Epoch [11][2200/3125]	lr: 1.000e-03, eta: 5:08:35, time: 0.031, data_time: 0.000, memory: 701, loss: 0.0015
2023-02-08 00:44:57,329 - mmcls - INFO - Epoch [11][2300/3125]	lr: 1.000e-03, eta: 5:08:31, time: 0.031, data_time: 0.000, memory: 701, loss: 0.0009
2023-02-08 00:45:00,424 - mmcls - INFO - Epoch [11][2400/3125]	lr: 1.000e-03, eta: 5:08:27, time: 0.031, data_time: 0.000, memory: 701, loss: 0.0026
2023-02-08 00:45:03,525 - mmcls - INFO - Epoch [11][2500/3125]	lr: 1.000e-03, eta: 5:08:24, time: 0.031, data_time: 0.000, memory: 701, loss: 0.0031
2023-02-08 00:45:06,625 - mmcls - INFO - Epoch [11][2600/3125]	lr: 1.000e-03, eta: 5:08:20, time: 0.031, data_time: 0.000, memory: 701, loss: 0.0017
2023-02-08 00:45:09,727 - mmcls - INFO - Epoch [11][2700/3125]	lr: 1.000e-03, eta: 5:08:17, time: 0.031, data_time: 0.000, memory: 701, loss: 0.0012
2023-02-08 00:45:12,829 - mmcls - INFO - Epoch [11][2800/3125]	lr: 1.000e-03, eta: 5:08:13, time: 0.031, data_time: 0.000, memory: 701, loss: 0.0012
2023-02-08 00:45:15,947 - mmcls - INFO - Epoch [11][2900/3125]	lr: 1.000e-03, eta: 5:08:10, time: 0.031, data_time: 0.000, memory: 701, loss: 0.0011
2023-02-08 00:45:19,057 - mmcls - INFO - Epoch [11][3000/3125]	lr: 1.000e-03, eta: 5:08:06, time: 0.031, data_time: 0.000, memory: 701, loss: 0.0011
2023-02-08 00:45:22,158 - mmcls - INFO - Epoch [11][3100/3125]	lr: 1.000e-03, eta: 5:08:03, time: 0.031, data_time: 0.000, memory: 701, loss: 0.0035
2023-02-08 00:45:28,477 - mmcls - INFO - Epoch(val) [11][625]	accuracy_top-1: 95.4600, accuracy_top-5: 99.8400
2023-02-08 00:45:33,534 - mmcls - INFO - Epoch [12][100/3125]	lr: 1.000e-03, eta: 5:08:18, time: 0.051, data_time: 0.020, memory: 701, loss: 0.0020
2023-02-08 00:45:36,570 - mmcls - INFO - Epoch [12][200/3125]	lr: 1.000e-03, eta: 5:08:13, time: 0.030, data_time: 0.000, memory: 701, loss: 0.0013
2023-02-08 00:45:39,605 - mmcls - INFO - Epoch [12][300/3125]	lr: 1.000e-03, eta: 5:08:09, time: 0.030, data_time: 0.000, memory: 701, loss: 0.0009
2023-02-08 00:45:42,636 - mmcls - INFO - Epoch [12][400/3125]	lr: 1.000e-03, eta: 5:08:04, time: 0.030, data_time: 0.000, memory: 701, loss: 0.0012
2023-02-08 00:45:45,674 - mmcls - INFO - Epoch [12][500/3125]	lr: 1.000e-03, eta: 5:07:59, time: 0.030, data_time: 0.000, memory: 701, loss: 0.0012
2023-02-08 00:45:48,714 - mmcls - INFO - Epoch [12][600/3125]	lr: 1.000e-03, eta: 5:07:54, time: 0.030, data_time: 0.000, memory: 701, loss: 0.0013
2023-02-08 00:45:51,754 - mmcls - INFO - Epoch [12][700/3125]	lr: 1.000e-03, eta: 5:07:50, time: 0.030, data_time: 0.000, memory: 701, loss: 0.0020
2023-02-08 00:45:54,805 - mmcls - INFO - Epoch [12][800/3125]	lr: 1.000e-03, eta: 5:07:45, time: 0.031, data_time: 0.000, memory: 701, loss: 0.0010
2023-02-08 00:45:57,852 - mmcls - INFO - Epoch [12][900/3125]	lr: 1.000e-03, eta: 5:07:41, time: 0.030, data_time: 0.000, memory: 701, loss: 0.0010
2023-02-08 00:46:00,889 - mmcls - INFO - Epoch [12][1000/3125]	lr: 1.000e-03, eta: 5:07:36, time: 0.030, data_time: 0.000, memory: 701, loss: 0.0007
2023-02-08 00:46:03,937 - mmcls - INFO - Epoch [12][1100/3125]	lr: 1.000e-03, eta: 5:07:31, time: 0.030, data_time: 0.000, memory: 701, loss: 0.0025
2023-02-08 00:46:06,987 - mmcls - INFO - Epoch [12][1200/3125]	lr: 1.000e-03, eta: 5:07:27, time: 0.030, data_time: 0.000, memory: 701, loss: 0.0015
2023-02-08 00:46:10,024 - mmcls - INFO - Epoch [12][1300/3125]	lr: 1.000e-03, eta: 5:07:22, time: 0.030, data_time: 0.000, memory: 701, loss: 0.0017
2023-02-08 00:46:13,060 - mmcls - INFO - Epoch [12][1400/3125]	lr: 1.000e-03, eta: 5:07:18, time: 0.030, data_time: 0.000, memory: 701, loss: 0.0013
2023-02-08 00:46:16,096 - mmcls - INFO - Epoch [12][1500/3125]	lr: 1.000e-03, eta: 5:07:13, time: 0.030, data_time: 0.000, memory: 701, loss: 0.0013
2023-02-08 00:46:19,128 - mmcls - INFO - Epoch [12][1600/3125]	lr: 1.000e-03, eta: 5:07:08, time: 0.030, data_time: 0.000, memory: 701, loss: 0.0023
2023-02-08 00:46:22,162 - mmcls - INFO - Epoch [12][1700/3125]	lr: 1.000e-03, eta: 5:07:04, time: 0.030, data_time: 0.000, memory: 701, loss: 0.0016
2023-02-08 00:46:25,241 - mmcls - INFO - Epoch [12][1800/3125]	lr: 1.000e-03, eta: 5:07:00, time: 0.031, data_time: 0.000, memory: 701, loss: 0.0022
2023-02-08 00:46:28,341 - mmcls - INFO - Epoch [12][1900/3125]	lr: 1.000e-03, eta: 5:06:56, time: 0.031, data_time: 0.000, memory: 701, loss: 0.0019
2023-02-08 00:46:31,424 - mmcls - INFO - Epoch [12][2000/3125]	lr: 1.000e-03, eta: 5:06:52, time: 0.031, data_time: 0.000, memory: 701, loss: 0.0019
2023-02-08 00:46:34,514 - mmcls - INFO - Epoch [12][2100/3125]	lr: 1.000e-03, eta: 5:06:48, time: 0.031, data_time: 0.000, memory: 701, loss: 0.0017
2023-02-08 00:46:37,596 - mmcls - INFO - Epoch [12][2200/3125]	lr: 1.000e-03, eta: 5:06:45, time: 0.031, data_time: 0.000, memory: 701, loss: 0.0015
2023-02-08 00:46:40,673 - mmcls - INFO - Epoch [12][2300/3125]	lr: 1.000e-03, eta: 5:06:41, time: 0.031, data_time: 0.000, memory: 701, loss: 0.0012
2023-02-08 00:46:43,756 - mmcls - INFO - Epoch [12][2400/3125]	lr: 1.000e-03, eta: 5:06:37, time: 0.031, data_time: 0.000, memory: 701, loss: 0.0014
2023-02-08 00:46:46,840 - mmcls - INFO - Epoch [12][2500/3125]	lr: 1.000e-03, eta: 5:06:33, time: 0.031, data_time: 0.000, memory: 701, loss: 0.0014
2023-02-08 00:46:49,927 - mmcls - INFO - Epoch [12][2600/3125]	lr: 1.000e-03, eta: 5:06:29, time: 0.031, data_time: 0.000, memory: 701, loss: 0.0015
2023-02-08 00:46:53,021 - mmcls - INFO - Epoch [12][2700/3125]	lr: 1.000e-03, eta: 5:06:26, time: 0.031, data_time: 0.000, memory: 701, loss: 0.0033
2023-02-08 00:46:56,099 - mmcls - INFO - Epoch [12][2800/3125]	lr: 1.000e-03, eta: 5:06:22, time: 0.031, data_time: 0.000, memory: 701, loss: 0.0020
2023-02-08 00:46:59,183 - mmcls - INFO - Epoch [12][2900/3125]	lr: 1.000e-03, eta: 5:06:18, time: 0.031, data_time: 0.000, memory: 701, loss: 0.0014
2023-02-08 00:47:02,266 - mmcls - INFO - Epoch [12][3000/3125]	lr: 1.000e-03, eta: 5:06:14, time: 0.031, data_time: 0.000, memory: 701, loss: 0.0014
2023-02-08 00:47:05,353 - mmcls - INFO - Epoch [12][3100/3125]	lr: 1.000e-03, eta: 5:06:10, time: 0.031, data_time: 0.000, memory: 701, loss: 0.0018
2023-02-08 00:47:11,692 - mmcls - INFO - Epoch(val) [12][625]	accuracy_top-1: 95.2500, accuracy_top-5: 99.8900
2023-02-08 00:47:16,794 - mmcls - INFO - Epoch [13][100/3125]	lr: 1.000e-03, eta: 5:06:25, time: 0.051, data_time: 0.020, memory: 701, loss: 0.0013
2023-02-08 00:47:19,873 - mmcls - INFO - Epoch [13][200/3125]	lr: 1.000e-03, eta: 5:06:21, time: 0.031, data_time: 0.000, memory: 701, loss: 0.0009
2023-02-08 00:47:22,967 - mmcls - INFO - Epoch [13][300/3125]	lr: 1.000e-03, eta: 5:06:17, time: 0.031, data_time: 0.000, memory: 701, loss: 0.0009
2023-02-08 00:47:26,058 - mmcls - INFO - Epoch [13][400/3125]	lr: 1.000e-03, eta: 5:06:14, time: 0.031, data_time: 0.000, memory: 701, loss: 0.0014
2023-02-08 00:47:29,148 - mmcls - INFO - Epoch [13][500/3125]	lr: 1.000e-03, eta: 5:06:10, time: 0.031, data_time: 0.000, memory: 701, loss: 0.0010
2023-02-08 00:47:32,234 - mmcls - INFO - Epoch [13][600/3125]	lr: 1.000e-03, eta: 5:06:06, time: 0.031, data_time: 0.000, memory: 701, loss: 0.0021
2023-02-08 00:47:35,327 - mmcls - INFO - Epoch [13][700/3125]	lr: 1.000e-03, eta: 5:06:02, time: 0.031, data_time: 0.000, memory: 701, loss: 0.0011
2023-02-08 00:47:38,423 - mmcls - INFO - Epoch [13][800/3125]	lr: 1.000e-03, eta: 5:05:59, time: 0.031, data_time: 0.000, memory: 701, loss: 0.0010
2023-02-08 00:47:41,526 - mmcls - INFO - Epoch [13][900/3125]	lr: 1.000e-03, eta: 5:05:55, time: 0.031, data_time: 0.000, memory: 701, loss: 0.0032
2023-02-08 00:47:44,625 - mmcls - INFO - Epoch [13][1000/3125]	lr: 1.000e-03, eta: 5:05:52, time: 0.031, data_time: 0.000, memory: 701, loss: 0.0006
2023-02-08 00:47:47,733 - mmcls - INFO - Epoch [13][1100/3125]	lr: 1.000e-03, eta: 5:05:48, time: 0.031, data_time: 0.000, memory: 701, loss: 0.0016
2023-02-08 00:47:50,842 - mmcls - INFO - Epoch [13][1200/3125]	lr: 1.000e-03, eta: 5:05:45, time: 0.031, data_time: 0.000, memory: 701, loss: 0.0008
2023-02-08 00:47:53,955 - mmcls - INFO - Epoch [13][1300/3125]	lr: 1.000e-03, eta: 5:05:41, time: 0.031, data_time: 0.000, memory: 701, loss: 0.0022
2023-02-08 00:47:57,061 - mmcls - INFO - Epoch [13][1400/3125]	lr: 1.000e-03, eta: 5:05:38, time: 0.031, data_time: 0.000, memory: 701, loss: 0.0009
2023-02-08 00:48:00,157 - mmcls - INFO - Epoch [13][1500/3125]	lr: 1.000e-03, eta: 5:05:34, time: 0.031, data_time: 0.000, memory: 701, loss: 0.0009
2023-02-08 00:48:03,259 - mmcls - INFO - Epoch [13][1600/3125]	lr: 1.000e-03, eta: 5:05:31, time: 0.031, data_time: 0.000, memory: 701, loss: 0.0013
2023-02-08 00:48:06,364 - mmcls - INFO - Epoch [13][1700/3125]	lr: 1.000e-03, eta: 5:05:27, time: 0.031, data_time: 0.000, memory: 701, loss: 0.0007
2023-02-08 00:48:09,475 - mmcls - INFO - Epoch [13][1800/3125]	lr: 1.000e-03, eta: 5:05:24, time: 0.031, data_time: 0.000, memory: 701, loss: 0.0009
2023-02-08 00:48:12,572 - mmcls - INFO - Epoch [13][1900/3125]	lr: 1.000e-03, eta: 5:05:20, time: 0.031, data_time: 0.000, memory: 701, loss: 0.0010
2023-02-08 00:48:15,684 - mmcls - INFO - Epoch [13][2000/3125]	lr: 1.000e-03, eta: 5:05:17, time: 0.031, data_time: 0.000, memory: 701, loss: 0.0016
2023-02-08 00:48:18,787 - mmcls - INFO - Epoch [13][2100/3125]	lr: 1.000e-03, eta: 5:05:13, time: 0.031, data_time: 0.000, memory: 701, loss: 0.0016
2023-02-08 00:48:21,902 - mmcls - INFO - Epoch [13][2200/3125]	lr: 1.000e-03, eta: 5:05:10, time: 0.031, data_time: 0.000, memory: 701, loss: 0.0018
2023-02-08 00:48:24,998 - mmcls - INFO - Epoch [13][2300/3125]	lr: 1.000e-03, eta: 5:05:06, time: 0.031, data_time: 0.000, memory: 701, loss: 0.0017
2023-02-08 00:48:28,103 - mmcls - INFO - Epoch [13][2400/3125]	lr: 1.000e-03, eta: 5:05:03, time: 0.031, data_time: 0.000, memory: 701, loss: 0.0015
2023-02-08 00:48:31,205 - mmcls - INFO - Epoch [13][2500/3125]	lr: 1.000e-03, eta: 5:04:59, time: 0.031, data_time: 0.000, memory: 701, loss: 0.0026
2023-02-08 00:48:34,304 - mmcls - INFO - Epoch [13][2600/3125]	lr: 1.000e-03, eta: 5:04:56, time: 0.031, data_time: 0.000, memory: 701, loss: 0.0021
2023-02-08 00:48:37,404 - mmcls - INFO - Epoch [13][2700/3125]	lr: 1.000e-03, eta: 5:04:52, time: 0.031, data_time: 0.000, memory: 701, loss: 0.0009
2023-02-08 00:48:40,514 - mmcls - INFO - Epoch [13][2800/3125]	lr: 1.000e-03, eta: 5:04:49, time: 0.031, data_time: 0.000, memory: 701, loss: 0.0020
2023-02-08 00:48:43,616 - mmcls - INFO - Epoch [13][2900/3125]	lr: 1.000e-03, eta: 5:04:45, time: 0.031, data_time: 0.000, memory: 701, loss: 0.0024
2023-02-08 00:48:46,714 - mmcls - INFO - Epoch [13][3000/3125]	lr: 1.000e-03, eta: 5:04:42, time: 0.031, data_time: 0.000, memory: 701, loss: 0.0026
2023-02-08 00:48:49,828 - mmcls - INFO - Epoch [13][3100/3125]	lr: 1.000e-03, eta: 5:04:38, time: 0.031, data_time: 0.000, memory: 701, loss: 0.0023
2023-02-08 00:48:56,152 - mmcls - INFO - Epoch(val) [13][625]	accuracy_top-1: 95.6000, accuracy_top-5: 99.9000
2023-02-08 00:49:01,257 - mmcls - INFO - Epoch [14][100/3125]	lr: 1.000e-03, eta: 5:04:52, time: 0.051, data_time: 0.020, memory: 701, loss: 0.0025
2023-02-08 00:49:04,338 - mmcls - INFO - Epoch [14][200/3125]	lr: 1.000e-03, eta: 5:04:48, time: 0.031, data_time: 0.000, memory: 701, loss: 0.0013
2023-02-08 00:49:07,426 - mmcls - INFO - Epoch [14][300/3125]	lr: 1.000e-03, eta: 5:04:44, time: 0.031, data_time: 0.000, memory: 701, loss: 0.0014
2023-02-08 00:49:10,514 - mmcls - INFO - Epoch [14][400/3125]	lr: 1.000e-03, eta: 5:04:40, time: 0.031, data_time: 0.000, memory: 701, loss: 0.0015
2023-02-08 00:49:13,603 - mmcls - INFO - Epoch [14][500/3125]	lr: 1.000e-03, eta: 5:04:37, time: 0.031, data_time: 0.000, memory: 701, loss: 0.0019
2023-02-08 00:49:16,701 - mmcls - INFO - Epoch [14][600/3125]	lr: 1.000e-03, eta: 5:04:33, time: 0.031, data_time: 0.000, memory: 701, loss: 0.0052
2023-02-08 00:49:19,789 - mmcls - INFO - Epoch [14][700/3125]	lr: 1.000e-03, eta: 5:04:29, time: 0.031, data_time: 0.000, memory: 701, loss: 0.0026
2023-02-08 00:49:22,880 - mmcls - INFO - Epoch [14][800/3125]	lr: 1.000e-03, eta: 5:04:26, time: 0.031, data_time: 0.000, memory: 701, loss: 0.0025
2023-02-08 00:49:25,974 - mmcls - INFO - Epoch [14][900/3125]	lr: 1.000e-03, eta: 5:04:22, time: 0.031, data_time: 0.000, memory: 701, loss: 0.0020
2023-02-08 00:49:29,059 - mmcls - INFO - Epoch [14][1000/3125]	lr: 1.000e-03, eta: 5:04:18, time: 0.031, data_time: 0.000, memory: 701, loss: 0.0017
2023-02-08 00:49:32,142 - mmcls - INFO - Epoch [14][1100/3125]	lr: 1.000e-03, eta: 5:04:14, time: 0.031, data_time: 0.000, memory: 701, loss: 0.0008
2023-02-08 00:49:35,225 - mmcls - INFO - Epoch [14][1200/3125]	lr: 1.000e-03, eta: 5:04:11, time: 0.031, data_time: 0.000, memory: 701, loss: 0.0022
2023-02-08 00:49:38,307 - mmcls - INFO - Epoch [14][1300/3125]	lr: 1.000e-03, eta: 5:04:07, time: 0.031, data_time: 0.000, memory: 701, loss: 0.0018
2023-02-08 00:49:41,394 - mmcls - INFO - Epoch [14][1400/3125]	lr: 1.000e-03, eta: 5:04:03, time: 0.031, data_time: 0.000, memory: 701, loss: 0.0010
2023-02-08 00:49:44,479 - mmcls - INFO - Epoch [14][1500/3125]	lr: 1.000e-03, eta: 5:03:59, time: 0.031, data_time: 0.000, memory: 701, loss: 0.0025
2023-02-08 00:49:47,572 - mmcls - INFO - Epoch [14][1600/3125]	lr: 1.000e-03, eta: 5:03:56, time: 0.031, data_time: 0.000, memory: 701, loss: 0.0027
2023-02-08 00:49:50,674 - mmcls - INFO - Epoch [14][1700/3125]	lr: 1.000e-03, eta: 5:03:52, time: 0.031, data_time: 0.000, memory: 701, loss: 0.0021
2023-02-08 00:49:53,787 - mmcls - INFO - Epoch [14][1800/3125]	lr: 1.000e-03, eta: 5:03:49, time: 0.031, data_time: 0.000, memory: 701, loss: 0.0017
2023-02-08 00:49:56,881 - mmcls - INFO - Epoch [14][1900/3125]	lr: 1.000e-03, eta: 5:03:45, time: 0.031, data_time: 0.000, memory: 701, loss: 0.0017
2023-02-08 00:49:59,976 - mmcls - INFO - Epoch [14][2000/3125]	lr: 1.000e-03, eta: 5:03:42, time: 0.031, data_time: 0.000, memory: 701, loss: 0.0052
2023-02-08 00:50:03,070 - mmcls - INFO - Epoch [14][2100/3125]	lr: 1.000e-03, eta: 5:03:38, time: 0.031, data_time: 0.000, memory: 701, loss: 0.0014
2023-02-08 00:50:06,179 - mmcls - INFO - Epoch [14][2200/3125]	lr: 1.000e-03, eta: 5:03:35, time: 0.031, data_time: 0.000, memory: 701, loss: 0.0015
2023-02-08 00:50:09,265 - mmcls - INFO - Epoch [14][2300/3125]	lr: 1.000e-03, eta: 5:03:31, time: 0.031, data_time: 0.000, memory: 701, loss: 0.0027
2023-02-08 00:50:12,353 - mmcls - INFO - Epoch [14][2400/3125]	lr: 1.000e-03, eta: 5:03:27, time: 0.031, data_time: 0.000, memory: 701, loss: 0.0022
2023-02-08 00:50:15,444 - mmcls - INFO - Epoch [14][2500/3125]	lr: 1.000e-03, eta: 5:03:24, time: 0.031, data_time: 0.000, memory: 701, loss: 0.0008
2023-02-08 00:50:18,540 - mmcls - INFO - Epoch [14][2600/3125]	lr: 1.000e-03, eta: 5:03:20, time: 0.031, data_time: 0.000, memory: 701, loss: 0.0015
2023-02-08 00:50:21,633 - mmcls - INFO - Epoch [14][2700/3125]	lr: 1.000e-03, eta: 5:03:16, time: 0.031, data_time: 0.000, memory: 701, loss: 0.0014
2023-02-08 00:50:24,729 - mmcls - INFO - Epoch [14][2800/3125]	lr: 1.000e-03, eta: 5:03:13, time: 0.031, data_time: 0.000, memory: 701, loss: 0.0013
2023-02-08 00:50:27,829 - mmcls - INFO - Epoch [14][2900/3125]	lr: 1.000e-03, eta: 5:03:09, time: 0.031, data_time: 0.000, memory: 701, loss: 0.0029
2023-02-08 00:50:30,920 - mmcls - INFO - Epoch [14][3000/3125]	lr: 1.000e-03, eta: 5:03:06, time: 0.031, data_time: 0.000, memory: 701, loss: 0.0013
2023-02-08 00:50:34,015 - mmcls - INFO - Epoch [14][3100/3125]	lr: 1.000e-03, eta: 5:03:02, time: 0.031, data_time: 0.000, memory: 701, loss: 0.0012
2023-02-08 00:50:40,375 - mmcls - INFO - Epoch(val) [14][625]	accuracy_top-1: 95.3800, accuracy_top-5: 99.8700
